<?xml version="1.0" encoding="UTF-8"?>
<coverage generated="1747286912899" clover="3.2.0">
  <project timestamp="1747286912899" name="All files">
    <metrics statements="139" coveredstatements="122" conditionals="20" coveredconditionals="5" methods="21" coveredmethods="10" elements="180" coveredelements="137" complexity="0" loc="139" ncloc="139" packages="22" files="88" classes="88"/>
    <package name="assets.arnolfini-portrait">
      <metrics statements="5" coveredstatements="5" conditionals="0" coveredconditionals="0" methods="0" coveredmethods="0"/>
      <file name="artist.jpg" path="/Users/axda/Desktop/portfolio/axda-studio-portfolio/projects/galleria/galleria_new/assets/arnolfini-portrait/artist.jpg">
        <metrics statements="1" coveredstatements="1" conditionals="0" coveredconditionals="0" methods="0" coveredmethods="0"/>
        <line num="1" count="1" type="stmt"/>
      </file>
      <file name="gallery.jpg" path="/Users/axda/Desktop/portfolio/axda-studio-portfolio/projects/galleria/galleria_new/assets/arnolfini-portrait/gallery.jpg">
        <metrics statements="1" coveredstatements="1" conditionals="0" coveredconditionals="0" methods="0" coveredmethods="0"/>
        <line num="1" count="1" type="stmt"/>
      </file>
      <file name="hero-large.jpg" path="/Users/axda/Desktop/portfolio/axda-studio-portfolio/projects/galleria/galleria_new/assets/arnolfini-portrait/hero-large.jpg">
        <metrics statements="1" coveredstatements="1" conditionals="0" coveredconditionals="0" methods="0" coveredmethods="0"/>
        <line num="1" count="1" type="stmt"/>
      </file>
      <file name="hero-small.jpg" path="/Users/axda/Desktop/portfolio/axda-studio-portfolio/projects/galleria/galleria_new/assets/arnolfini-portrait/hero-small.jpg">
        <metrics statements="1" coveredstatements="1" conditionals="0" coveredconditionals="0" methods="0" coveredmethods="0"/>
        <line num="1" count="1" type="stmt"/>
      </file>
      <file name="thumbnail.jpg" path="/Users/axda/Desktop/portfolio/axda-studio-portfolio/projects/galleria/galleria_new/assets/arnolfini-portrait/thumbnail.jpg">
        <metrics statements="1" coveredstatements="1" conditionals="0" coveredconditionals="0" methods="0" coveredmethods="0"/>
        <line num="1" count="1" type="stmt"/>
      </file>
    </package>
    <package name="assets.girl-with-a-pearl-earring">
      <metrics statements="5" coveredstatements="5" conditionals="0" coveredconditionals="0" methods="0" coveredmethods="0"/>
      <file name="artist.jpg" path="/Users/axda/Desktop/portfolio/axda-studio-portfolio/projects/galleria/galleria_new/assets/girl-with-a-pearl-earring/artist.jpg">
        <metrics statements="1" coveredstatements="1" conditionals="0" coveredconditionals="0" methods="0" coveredmethods="0"/>
        <line num="1" count="1" type="stmt"/>
      </file>
      <file name="gallery.jpg" path="/Users/axda/Desktop/portfolio/axda-studio-portfolio/projects/galleria/galleria_new/assets/girl-with-a-pearl-earring/gallery.jpg">
        <metrics statements="1" coveredstatements="1" conditionals="0" coveredconditionals="0" methods="0" coveredmethods="0"/>
        <line num="1" count="1" type="stmt"/>
      </file>
      <file name="hero-large.jpg" path="/Users/axda/Desktop/portfolio/axda-studio-portfolio/projects/galleria/galleria_new/assets/girl-with-a-pearl-earring/hero-large.jpg">
        <metrics statements="1" coveredstatements="1" conditionals="0" coveredconditionals="0" methods="0" coveredmethods="0"/>
        <line num="1" count="1" type="stmt"/>
      </file>
      <file name="hero-small.jpg" path="/Users/axda/Desktop/portfolio/axda-studio-portfolio/projects/galleria/galleria_new/assets/girl-with-a-pearl-earring/hero-small.jpg">
        <metrics statements="1" coveredstatements="1" conditionals="0" coveredconditionals="0" methods="0" coveredmethods="0"/>
        <line num="1" count="1" type="stmt"/>
      </file>
      <file name="thumbnail.jpg" path="/Users/axda/Desktop/portfolio/axda-studio-portfolio/projects/galleria/galleria_new/assets/girl-with-a-pearl-earring/thumbnail.jpg">
        <metrics statements="1" coveredstatements="1" conditionals="0" coveredconditionals="0" methods="0" coveredmethods="0"/>
        <line num="1" count="1" type="stmt"/>
      </file>
    </package>
    <package name="assets.guernica">
      <metrics statements="5" coveredstatements="5" conditionals="0" coveredconditionals="0" methods="0" coveredmethods="0"/>
      <file name="artist.jpg" path="/Users/axda/Desktop/portfolio/axda-studio-portfolio/projects/galleria/galleria_new/assets/guernica/artist.jpg">
        <metrics statements="1" coveredstatements="1" conditionals="0" coveredconditionals="0" methods="0" coveredmethods="0"/>
        <line num="1" count="1" type="stmt"/>
      </file>
      <file name="gallery.jpg" path="/Users/axda/Desktop/portfolio/axda-studio-portfolio/projects/galleria/galleria_new/assets/guernica/gallery.jpg">
        <metrics statements="1" coveredstatements="1" conditionals="0" coveredconditionals="0" methods="0" coveredmethods="0"/>
        <line num="1" count="1" type="stmt"/>
      </file>
      <file name="hero-large.jpg" path="/Users/axda/Desktop/portfolio/axda-studio-portfolio/projects/galleria/galleria_new/assets/guernica/hero-large.jpg">
        <metrics statements="1" coveredstatements="1" conditionals="0" coveredconditionals="0" methods="0" coveredmethods="0"/>
        <line num="1" count="1" type="stmt"/>
      </file>
      <file name="hero-small.jpg" path="/Users/axda/Desktop/portfolio/axda-studio-portfolio/projects/galleria/galleria_new/assets/guernica/hero-small.jpg">
        <metrics statements="1" coveredstatements="1" conditionals="0" coveredconditionals="0" methods="0" coveredmethods="0"/>
        <line num="1" count="1" type="stmt"/>
      </file>
      <file name="thumbnail.jpg" path="/Users/axda/Desktop/portfolio/axda-studio-portfolio/projects/galleria/galleria_new/assets/guernica/thumbnail.jpg">
        <metrics statements="1" coveredstatements="1" conditionals="0" coveredconditionals="0" methods="0" coveredmethods="0"/>
        <line num="1" count="1" type="stmt"/>
      </file>
    </package>
    <package name="assets.lady-with-an-ermine">
      <metrics statements="5" coveredstatements="5" conditionals="0" coveredconditionals="0" methods="0" coveredmethods="0"/>
      <file name="artist.jpg" path="/Users/axda/Desktop/portfolio/axda-studio-portfolio/projects/galleria/galleria_new/assets/lady-with-an-ermine/artist.jpg">
        <metrics statements="1" coveredstatements="1" conditionals="0" coveredconditionals="0" methods="0" coveredmethods="0"/>
        <line num="1" count="1" type="stmt"/>
      </file>
      <file name="gallery.jpg" path="/Users/axda/Desktop/portfolio/axda-studio-portfolio/projects/galleria/galleria_new/assets/lady-with-an-ermine/gallery.jpg">
        <metrics statements="1" coveredstatements="1" conditionals="0" coveredconditionals="0" methods="0" coveredmethods="0"/>
        <line num="1" count="1" type="stmt"/>
      </file>
      <file name="hero-large.jpg" path="/Users/axda/Desktop/portfolio/axda-studio-portfolio/projects/galleria/galleria_new/assets/lady-with-an-ermine/hero-large.jpg">
        <metrics statements="1" coveredstatements="1" conditionals="0" coveredconditionals="0" methods="0" coveredmethods="0"/>
        <line num="1" count="1" type="stmt"/>
      </file>
      <file name="hero-small.jpg" path="/Users/axda/Desktop/portfolio/axda-studio-portfolio/projects/galleria/galleria_new/assets/lady-with-an-ermine/hero-small.jpg">
        <metrics statements="1" coveredstatements="1" conditionals="0" coveredconditionals="0" methods="0" coveredmethods="0"/>
        <line num="1" count="1" type="stmt"/>
      </file>
      <file name="thumbnail.jpg" path="/Users/axda/Desktop/portfolio/axda-studio-portfolio/projects/galleria/galleria_new/assets/lady-with-an-ermine/thumbnail.jpg">
        <metrics statements="1" coveredstatements="1" conditionals="0" coveredconditionals="0" methods="0" coveredmethods="0"/>
        <line num="1" count="1" type="stmt"/>
      </file>
    </package>
    <package name="assets.mona-lisa">
      <metrics statements="5" coveredstatements="5" conditionals="0" coveredconditionals="0" methods="0" coveredmethods="0"/>
      <file name="artist.jpg" path="/Users/axda/Desktop/portfolio/axda-studio-portfolio/projects/galleria/galleria_new/assets/mona-lisa/artist.jpg">
        <metrics statements="1" coveredstatements="1" conditionals="0" coveredconditionals="0" methods="0" coveredmethods="0"/>
        <line num="1" count="1" type="stmt"/>
      </file>
      <file name="gallery.jpg" path="/Users/axda/Desktop/portfolio/axda-studio-portfolio/projects/galleria/galleria_new/assets/mona-lisa/gallery.jpg">
        <metrics statements="1" coveredstatements="1" conditionals="0" coveredconditionals="0" methods="0" coveredmethods="0"/>
        <line num="1" count="1" type="stmt"/>
      </file>
      <file name="hero-large.jpg" path="/Users/axda/Desktop/portfolio/axda-studio-portfolio/projects/galleria/galleria_new/assets/mona-lisa/hero-large.jpg">
        <metrics statements="1" coveredstatements="1" conditionals="0" coveredconditionals="0" methods="0" coveredmethods="0"/>
        <line num="1" count="1" type="stmt"/>
      </file>
      <file name="hero-small.jpg" path="/Users/axda/Desktop/portfolio/axda-studio-portfolio/projects/galleria/galleria_new/assets/mona-lisa/hero-small.jpg">
        <metrics statements="1" coveredstatements="1" conditionals="0" coveredconditionals="0" methods="0" coveredmethods="0"/>
        <line num="1" count="1" type="stmt"/>
      </file>
      <file name="thumbnail.jpg" path="/Users/axda/Desktop/portfolio/axda-studio-portfolio/projects/galleria/galleria_new/assets/mona-lisa/thumbnail.jpg">
        <metrics statements="1" coveredstatements="1" conditionals="0" coveredconditionals="0" methods="0" coveredmethods="0"/>
        <line num="1" count="1" type="stmt"/>
      </file>
    </package>
    <package name="assets.penitent-magdalene">
      <metrics statements="5" coveredstatements="5" conditionals="0" coveredconditionals="0" methods="0" coveredmethods="0"/>
      <file name="artist.jpg" path="/Users/axda/Desktop/portfolio/axda-studio-portfolio/projects/galleria/galleria_new/assets/penitent-magdalene/artist.jpg">
        <metrics statements="1" coveredstatements="1" conditionals="0" coveredconditionals="0" methods="0" coveredmethods="0"/>
        <line num="1" count="1" type="stmt"/>
      </file>
      <file name="gallery.jpg" path="/Users/axda/Desktop/portfolio/axda-studio-portfolio/projects/galleria/galleria_new/assets/penitent-magdalene/gallery.jpg">
        <metrics statements="1" coveredstatements="1" conditionals="0" coveredconditionals="0" methods="0" coveredmethods="0"/>
        <line num="1" count="1" type="stmt"/>
      </file>
      <file name="hero-large.jpg" path="/Users/axda/Desktop/portfolio/axda-studio-portfolio/projects/galleria/galleria_new/assets/penitent-magdalene/hero-large.jpg">
        <metrics statements="1" coveredstatements="1" conditionals="0" coveredconditionals="0" methods="0" coveredmethods="0"/>
        <line num="1" count="1" type="stmt"/>
      </file>
      <file name="hero-small.jpg" path="/Users/axda/Desktop/portfolio/axda-studio-portfolio/projects/galleria/galleria_new/assets/penitent-magdalene/hero-small.jpg">
        <metrics statements="1" coveredstatements="1" conditionals="0" coveredconditionals="0" methods="0" coveredmethods="0"/>
        <line num="1" count="1" type="stmt"/>
      </file>
      <file name="thumbnail.jpg" path="/Users/axda/Desktop/portfolio/axda-studio-portfolio/projects/galleria/galleria_new/assets/penitent-magdalene/thumbnail.jpg">
        <metrics statements="1" coveredstatements="1" conditionals="0" coveredconditionals="0" methods="0" coveredmethods="0"/>
        <line num="1" count="1" type="stmt"/>
      </file>
    </package>
    <package name="assets.starry-night">
      <metrics statements="5" coveredstatements="5" conditionals="0" coveredconditionals="0" methods="0" coveredmethods="0"/>
      <file name="artist.jpg" path="/Users/axda/Desktop/portfolio/axda-studio-portfolio/projects/galleria/galleria_new/assets/starry-night/artist.jpg">
        <metrics statements="1" coveredstatements="1" conditionals="0" coveredconditionals="0" methods="0" coveredmethods="0"/>
        <line num="1" count="1" type="stmt"/>
      </file>
      <file name="gallery.jpg" path="/Users/axda/Desktop/portfolio/axda-studio-portfolio/projects/galleria/galleria_new/assets/starry-night/gallery.jpg">
        <metrics statements="1" coveredstatements="1" conditionals="0" coveredconditionals="0" methods="0" coveredmethods="0"/>
        <line num="1" count="1" type="stmt"/>
      </file>
      <file name="hero-large.jpg" path="/Users/axda/Desktop/portfolio/axda-studio-portfolio/projects/galleria/galleria_new/assets/starry-night/hero-large.jpg">
        <metrics statements="1" coveredstatements="1" conditionals="0" coveredconditionals="0" methods="0" coveredmethods="0"/>
        <line num="1" count="1" type="stmt"/>
      </file>
      <file name="hero-small.jpg" path="/Users/axda/Desktop/portfolio/axda-studio-portfolio/projects/galleria/galleria_new/assets/starry-night/hero-small.jpg">
        <metrics statements="1" coveredstatements="1" conditionals="0" coveredconditionals="0" methods="0" coveredmethods="0"/>
        <line num="1" count="1" type="stmt"/>
      </file>
      <file name="thumbnail.jpg" path="/Users/axda/Desktop/portfolio/axda-studio-portfolio/projects/galleria/galleria_new/assets/starry-night/thumbnail.jpg">
        <metrics statements="1" coveredstatements="1" conditionals="0" coveredconditionals="0" methods="0" coveredmethods="0"/>
        <line num="1" count="1" type="stmt"/>
      </file>
    </package>
    <package name="assets.the-basket-of-apples">
      <metrics statements="5" coveredstatements="5" conditionals="0" coveredconditionals="0" methods="0" coveredmethods="0"/>
      <file name="artist.jpg" path="/Users/axda/Desktop/portfolio/axda-studio-portfolio/projects/galleria/galleria_new/assets/the-basket-of-apples/artist.jpg">
        <metrics statements="1" coveredstatements="1" conditionals="0" coveredconditionals="0" methods="0" coveredmethods="0"/>
        <line num="1" count="1" type="stmt"/>
      </file>
      <file name="gallery.jpg" path="/Users/axda/Desktop/portfolio/axda-studio-portfolio/projects/galleria/galleria_new/assets/the-basket-of-apples/gallery.jpg">
        <metrics statements="1" coveredstatements="1" conditionals="0" coveredconditionals="0" methods="0" coveredmethods="0"/>
        <line num="1" count="1" type="stmt"/>
      </file>
      <file name="hero-large.jpg" path="/Users/axda/Desktop/portfolio/axda-studio-portfolio/projects/galleria/galleria_new/assets/the-basket-of-apples/hero-large.jpg">
        <metrics statements="1" coveredstatements="1" conditionals="0" coveredconditionals="0" methods="0" coveredmethods="0"/>
        <line num="1" count="1" type="stmt"/>
      </file>
      <file name="hero-small.jpg" path="/Users/axda/Desktop/portfolio/axda-studio-portfolio/projects/galleria/galleria_new/assets/the-basket-of-apples/hero-small.jpg">
        <metrics statements="1" coveredstatements="1" conditionals="0" coveredconditionals="0" methods="0" coveredmethods="0"/>
        <line num="1" count="1" type="stmt"/>
      </file>
      <file name="thumbnail.jpg" path="/Users/axda/Desktop/portfolio/axda-studio-portfolio/projects/galleria/galleria_new/assets/the-basket-of-apples/thumbnail.jpg">
        <metrics statements="1" coveredstatements="1" conditionals="0" coveredconditionals="0" methods="0" coveredmethods="0"/>
        <line num="1" count="1" type="stmt"/>
      </file>
    </package>
    <package name="assets.the-boy-in-the-red-vest">
      <metrics statements="5" coveredstatements="5" conditionals="0" coveredconditionals="0" methods="0" coveredmethods="0"/>
      <file name="artist.jpg" path="/Users/axda/Desktop/portfolio/axda-studio-portfolio/projects/galleria/galleria_new/assets/the-boy-in-the-red-vest/artist.jpg">
        <metrics statements="1" coveredstatements="1" conditionals="0" coveredconditionals="0" methods="0" coveredmethods="0"/>
        <line num="1" count="1" type="stmt"/>
      </file>
      <file name="gallery.jpg" path="/Users/axda/Desktop/portfolio/axda-studio-portfolio/projects/galleria/galleria_new/assets/the-boy-in-the-red-vest/gallery.jpg">
        <metrics statements="1" coveredstatements="1" conditionals="0" coveredconditionals="0" methods="0" coveredmethods="0"/>
        <line num="1" count="1" type="stmt"/>
      </file>
      <file name="hero-large.jpg" path="/Users/axda/Desktop/portfolio/axda-studio-portfolio/projects/galleria/galleria_new/assets/the-boy-in-the-red-vest/hero-large.jpg">
        <metrics statements="1" coveredstatements="1" conditionals="0" coveredconditionals="0" methods="0" coveredmethods="0"/>
        <line num="1" count="1" type="stmt"/>
      </file>
      <file name="hero-small.jpg" path="/Users/axda/Desktop/portfolio/axda-studio-portfolio/projects/galleria/galleria_new/assets/the-boy-in-the-red-vest/hero-small.jpg">
        <metrics statements="1" coveredstatements="1" conditionals="0" coveredconditionals="0" methods="0" coveredmethods="0"/>
        <line num="1" count="1" type="stmt"/>
      </file>
      <file name="thumbnail.jpg" path="/Users/axda/Desktop/portfolio/axda-studio-portfolio/projects/galleria/galleria_new/assets/the-boy-in-the-red-vest/thumbnail.jpg">
        <metrics statements="1" coveredstatements="1" conditionals="0" coveredconditionals="0" methods="0" coveredmethods="0"/>
        <line num="1" count="1" type="stmt"/>
      </file>
    </package>
    <package name="assets.the-great-wave-off-kanagawa">
      <metrics statements="5" coveredstatements="5" conditionals="0" coveredconditionals="0" methods="0" coveredmethods="0"/>
      <file name="artist.jpg" path="/Users/axda/Desktop/portfolio/axda-studio-portfolio/projects/galleria/galleria_new/assets/the-great-wave-off-kanagawa/artist.jpg">
        <metrics statements="1" coveredstatements="1" conditionals="0" coveredconditionals="0" methods="0" coveredmethods="0"/>
        <line num="1" count="1" type="stmt"/>
      </file>
      <file name="gallery.jpg" path="/Users/axda/Desktop/portfolio/axda-studio-portfolio/projects/galleria/galleria_new/assets/the-great-wave-off-kanagawa/gallery.jpg">
        <metrics statements="1" coveredstatements="1" conditionals="0" coveredconditionals="0" methods="0" coveredmethods="0"/>
        <line num="1" count="1" type="stmt"/>
      </file>
      <file name="hero-large.jpg" path="/Users/axda/Desktop/portfolio/axda-studio-portfolio/projects/galleria/galleria_new/assets/the-great-wave-off-kanagawa/hero-large.jpg">
        <metrics statements="1" coveredstatements="1" conditionals="0" coveredconditionals="0" methods="0" coveredmethods="0"/>
        <line num="1" count="1" type="stmt"/>
      </file>
      <file name="hero-small.jpg" path="/Users/axda/Desktop/portfolio/axda-studio-portfolio/projects/galleria/galleria_new/assets/the-great-wave-off-kanagawa/hero-small.jpg">
        <metrics statements="1" coveredstatements="1" conditionals="0" coveredconditionals="0" methods="0" coveredmethods="0"/>
        <line num="1" count="1" type="stmt"/>
      </file>
      <file name="thumbnail.jpg" path="/Users/axda/Desktop/portfolio/axda-studio-portfolio/projects/galleria/galleria_new/assets/the-great-wave-off-kanagawa/thumbnail.jpg">
        <metrics statements="1" coveredstatements="1" conditionals="0" coveredconditionals="0" methods="0" coveredmethods="0"/>
        <line num="1" count="1" type="stmt"/>
      </file>
    </package>
    <package name="assets.the-night-cafe">
      <metrics statements="5" coveredstatements="5" conditionals="0" coveredconditionals="0" methods="0" coveredmethods="0"/>
      <file name="artist.jpg" path="/Users/axda/Desktop/portfolio/axda-studio-portfolio/projects/galleria/galleria_new/assets/the-night-cafe/artist.jpg">
        <metrics statements="1" coveredstatements="1" conditionals="0" coveredconditionals="0" methods="0" coveredmethods="0"/>
        <line num="1" count="1" type="stmt"/>
      </file>
      <file name="gallery.jpg" path="/Users/axda/Desktop/portfolio/axda-studio-portfolio/projects/galleria/galleria_new/assets/the-night-cafe/gallery.jpg">
        <metrics statements="1" coveredstatements="1" conditionals="0" coveredconditionals="0" methods="0" coveredmethods="0"/>
        <line num="1" count="1" type="stmt"/>
      </file>
      <file name="hero-large.jpg" path="/Users/axda/Desktop/portfolio/axda-studio-portfolio/projects/galleria/galleria_new/assets/the-night-cafe/hero-large.jpg">
        <metrics statements="1" coveredstatements="1" conditionals="0" coveredconditionals="0" methods="0" coveredmethods="0"/>
        <line num="1" count="1" type="stmt"/>
      </file>
      <file name="hero-small.jpg" path="/Users/axda/Desktop/portfolio/axda-studio-portfolio/projects/galleria/galleria_new/assets/the-night-cafe/hero-small.jpg">
        <metrics statements="1" coveredstatements="1" conditionals="0" coveredconditionals="0" methods="0" coveredmethods="0"/>
        <line num="1" count="1" type="stmt"/>
      </file>
      <file name="thumbnail.jpg" path="/Users/axda/Desktop/portfolio/axda-studio-portfolio/projects/galleria/galleria_new/assets/the-night-cafe/thumbnail.jpg">
        <metrics statements="1" coveredstatements="1" conditionals="0" coveredconditionals="0" methods="0" coveredmethods="0"/>
        <line num="1" count="1" type="stmt"/>
      </file>
    </package>
    <package name="assets.the-sleeping-gypsy">
      <metrics statements="5" coveredstatements="5" conditionals="0" coveredconditionals="0" methods="0" coveredmethods="0"/>
      <file name="artist.jpg" path="/Users/axda/Desktop/portfolio/axda-studio-portfolio/projects/galleria/galleria_new/assets/the-sleeping-gypsy/artist.jpg">
        <metrics statements="1" coveredstatements="1" conditionals="0" coveredconditionals="0" methods="0" coveredmethods="0"/>
        <line num="1" count="1" type="stmt"/>
      </file>
      <file name="gallery.jpg" path="/Users/axda/Desktop/portfolio/axda-studio-portfolio/projects/galleria/galleria_new/assets/the-sleeping-gypsy/gallery.jpg">
        <metrics statements="1" coveredstatements="1" conditionals="0" coveredconditionals="0" methods="0" coveredmethods="0"/>
        <line num="1" count="1" type="stmt"/>
      </file>
      <file name="hero-large.jpg" path="/Users/axda/Desktop/portfolio/axda-studio-portfolio/projects/galleria/galleria_new/assets/the-sleeping-gypsy/hero-large.jpg">
        <metrics statements="1" coveredstatements="1" conditionals="0" coveredconditionals="0" methods="0" coveredmethods="0"/>
        <line num="1" count="1" type="stmt"/>
      </file>
      <file name="hero-small.jpg" path="/Users/axda/Desktop/portfolio/axda-studio-portfolio/projects/galleria/galleria_new/assets/the-sleeping-gypsy/hero-small.jpg">
        <metrics statements="1" coveredstatements="1" conditionals="0" coveredconditionals="0" methods="0" coveredmethods="0"/>
        <line num="1" count="1" type="stmt"/>
      </file>
      <file name="thumbnail.jpg" path="/Users/axda/Desktop/portfolio/axda-studio-portfolio/projects/galleria/galleria_new/assets/the-sleeping-gypsy/thumbnail.jpg">
        <metrics statements="1" coveredstatements="1" conditionals="0" coveredconditionals="0" methods="0" coveredmethods="0"/>
        <line num="1" count="1" type="stmt"/>
      </file>
    </package>
    <package name="assets.the-storm-on-the-sea-of-galilee">
      <metrics statements="5" coveredstatements="5" conditionals="0" coveredconditionals="0" methods="0" coveredmethods="0"/>
      <file name="artist.jpg" path="/Users/axda/Desktop/portfolio/axda-studio-portfolio/projects/galleria/galleria_new/assets/the-storm-on-the-sea-of-galilee/artist.jpg">
        <metrics statements="1" coveredstatements="1" conditionals="0" coveredconditionals="0" methods="0" coveredmethods="0"/>
        <line num="1" count="1" type="stmt"/>
      </file>
      <file name="gallery.jpg" path="/Users/axda/Desktop/portfolio/axda-studio-portfolio/projects/galleria/galleria_new/assets/the-storm-on-the-sea-of-galilee/gallery.jpg">
        <metrics statements="1" coveredstatements="1" conditionals="0" coveredconditionals="0" methods="0" coveredmethods="0"/>
        <line num="1" count="1" type="stmt"/>
      </file>
      <file name="hero-large.jpg" path="/Users/axda/Desktop/portfolio/axda-studio-portfolio/projects/galleria/galleria_new/assets/the-storm-on-the-sea-of-galilee/hero-large.jpg">
        <metrics statements="1" coveredstatements="1" conditionals="0" coveredconditionals="0" methods="0" coveredmethods="0"/>
        <line num="1" count="1" type="stmt"/>
      </file>
      <file name="hero-small.jpg" path="/Users/axda/Desktop/portfolio/axda-studio-portfolio/projects/galleria/galleria_new/assets/the-storm-on-the-sea-of-galilee/hero-small.jpg">
        <metrics statements="1" coveredstatements="1" conditionals="0" coveredconditionals="0" methods="0" coveredmethods="0"/>
        <line num="1" count="1" type="stmt"/>
      </file>
      <file name="thumbnail.jpg" path="/Users/axda/Desktop/portfolio/axda-studio-portfolio/projects/galleria/galleria_new/assets/the-storm-on-the-sea-of-galilee/thumbnail.jpg">
        <metrics statements="1" coveredstatements="1" conditionals="0" coveredconditionals="0" methods="0" coveredmethods="0"/>
        <line num="1" count="1" type="stmt"/>
      </file>
    </package>
    <package name="assets.the-swing">
      <metrics statements="5" coveredstatements="5" conditionals="0" coveredconditionals="0" methods="0" coveredmethods="0"/>
      <file name="artist.jpg" path="/Users/axda/Desktop/portfolio/axda-studio-portfolio/projects/galleria/galleria_new/assets/the-swing/artist.jpg">
        <metrics statements="1" coveredstatements="1" conditionals="0" coveredconditionals="0" methods="0" coveredmethods="0"/>
        <line num="1" count="1" type="stmt"/>
      </file>
      <file name="gallery.jpg" path="/Users/axda/Desktop/portfolio/axda-studio-portfolio/projects/galleria/galleria_new/assets/the-swing/gallery.jpg">
        <metrics statements="1" coveredstatements="1" conditionals="0" coveredconditionals="0" methods="0" coveredmethods="0"/>
        <line num="1" count="1" type="stmt"/>
      </file>
      <file name="hero-large.jpg" path="/Users/axda/Desktop/portfolio/axda-studio-portfolio/projects/galleria/galleria_new/assets/the-swing/hero-large.jpg">
        <metrics statements="1" coveredstatements="1" conditionals="0" coveredconditionals="0" methods="0" coveredmethods="0"/>
        <line num="1" count="1" type="stmt"/>
      </file>
      <file name="hero-small.jpg" path="/Users/axda/Desktop/portfolio/axda-studio-portfolio/projects/galleria/galleria_new/assets/the-swing/hero-small.jpg">
        <metrics statements="1" coveredstatements="1" conditionals="0" coveredconditionals="0" methods="0" coveredmethods="0"/>
        <line num="1" count="1" type="stmt"/>
      </file>
      <file name="thumbnail.jpg" path="/Users/axda/Desktop/portfolio/axda-studio-portfolio/projects/galleria/galleria_new/assets/the-swing/thumbnail.jpg">
        <metrics statements="1" coveredstatements="1" conditionals="0" coveredconditionals="0" methods="0" coveredmethods="0"/>
        <line num="1" count="1" type="stmt"/>
      </file>
    </package>
    <package name="assets.van-gogh-self-portrait">
      <metrics statements="5" coveredstatements="5" conditionals="0" coveredconditionals="0" methods="0" coveredmethods="0"/>
      <file name="artist.jpg" path="/Users/axda/Desktop/portfolio/axda-studio-portfolio/projects/galleria/galleria_new/assets/van-gogh-self-portrait/artist.jpg">
        <metrics statements="1" coveredstatements="1" conditionals="0" coveredconditionals="0" methods="0" coveredmethods="0"/>
        <line num="1" count="1" type="stmt"/>
      </file>
      <file name="gallery.jpg" path="/Users/axda/Desktop/portfolio/axda-studio-portfolio/projects/galleria/galleria_new/assets/van-gogh-self-portrait/gallery.jpg">
        <metrics statements="1" coveredstatements="1" conditionals="0" coveredconditionals="0" methods="0" coveredmethods="0"/>
        <line num="1" count="1" type="stmt"/>
      </file>
      <file name="hero-large.jpg" path="/Users/axda/Desktop/portfolio/axda-studio-portfolio/projects/galleria/galleria_new/assets/van-gogh-self-portrait/hero-large.jpg">
        <metrics statements="1" coveredstatements="1" conditionals="0" coveredconditionals="0" methods="0" coveredmethods="0"/>
        <line num="1" count="1" type="stmt"/>
      </file>
      <file name="hero-small.jpg" path="/Users/axda/Desktop/portfolio/axda-studio-portfolio/projects/galleria/galleria_new/assets/van-gogh-self-portrait/hero-small.jpg">
        <metrics statements="1" coveredstatements="1" conditionals="0" coveredconditionals="0" methods="0" coveredmethods="0"/>
        <line num="1" count="1" type="stmt"/>
      </file>
      <file name="thumbnail.jpg" path="/Users/axda/Desktop/portfolio/axda-studio-portfolio/projects/galleria/galleria_new/assets/van-gogh-self-portrait/thumbnail.jpg">
        <metrics statements="1" coveredstatements="1" conditionals="0" coveredconditionals="0" methods="0" coveredmethods="0"/>
        <line num="1" count="1" type="stmt"/>
      </file>
    </package>
    <package name="components.galleria-logo">
      <metrics statements="1" coveredstatements="1" conditionals="3" coveredconditionals="0" methods="1" coveredmethods="1"/>
      <file name="galleria-logo.tsx" path="/Users/axda/Desktop/portfolio/axda-studio-portfolio/projects/galleria/galleria_new/components/galleria-logo/galleria-logo.tsx">
        <metrics statements="1" coveredstatements="1" conditionals="3" coveredconditionals="0" methods="1" coveredmethods="1"/>
        <line num="17" count="3" type="stmt"/>
      </file>
      <file name="index.ts" path="/Users/axda/Desktop/portfolio/axda-studio-portfolio/projects/galleria/galleria_new/components/galleria-logo/index.ts">
        <metrics statements="0" coveredstatements="0" conditionals="0" coveredconditionals="0" methods="0" coveredmethods="0"/>
      </file>
    </package>
    <package name="components.header">
      <metrics statements="12" coveredstatements="8" conditionals="6" coveredconditionals="1" methods="3" coveredmethods="1"/>
      <file name="header.tsx" path="/Users/axda/Desktop/portfolio/axda-studio-portfolio/projects/galleria/galleria_new/components/header/header.tsx">
        <metrics statements="12" coveredstatements="8" conditionals="6" coveredconditionals="1" methods="3" coveredmethods="1"/>
        <line num="12" count="3" type="stmt"/>
        <line num="13" count="3" type="stmt"/>
        <line num="14" count="2" type="stmt"/>
        <line num="15" count="2" type="stmt"/>
        <line num="16" count="2" type="stmt"/>
        <line num="18" count="2" type="stmt"/>
        <line num="19" count="0" type="cond" truecount="0" falsecount="2"/>
        <line num="22" count="2" type="stmt"/>
        <line num="23" count="0" type="cond" truecount="0" falsecount="2"/>
        <line num="24" count="0" type="stmt"/>
        <line num="26" count="0" type="stmt"/>
        <line num="30" count="2" type="stmt"/>
      </file>
    </package>
    <package name="components.painting-card">
      <metrics statements="6" coveredstatements="4" conditionals="2" coveredconditionals="1" methods="1" coveredmethods="1"/>
      <file name="painting-card.tsx" path="/Users/axda/Desktop/portfolio/axda-studio-portfolio/projects/galleria/galleria_new/components/painting-card/painting-card.tsx">
        <metrics statements="6" coveredstatements="4" conditionals="2" coveredconditionals="1" methods="1" coveredmethods="1"/>
        <line num="15" count="1" type="stmt"/>
        <line num="16" count="1" type="stmt"/>
        <line num="18" count="1" type="cond" truecount="1" falsecount="1"/>
        <line num="19" count="1" type="stmt"/>
        <line num="22" count="0" type="stmt"/>
        <line num="24" count="0" type="stmt"/>
      </file>
    </package>
    <package name="components.ui">
      <metrics statements="35" coveredstatements="26" conditionals="5" coveredconditionals="1" methods="11" coveredmethods="4"/>
      <file name="button.tsx" path="/Users/axda/Desktop/portfolio/axda-studio-portfolio/projects/galleria/galleria_new/components/ui/button.tsx">
        <metrics statements="5" coveredstatements="5" conditionals="2" coveredconditionals="1" methods="1" coveredmethods="1"/>
        <line num="7" count="1" type="stmt"/>
        <line num="34" count="1" type="stmt"/>
        <line num="63" count="1" type="stmt"/>
        <line num="65" count="2" type="stmt"/>
        <line num="82" count="1" type="stmt"/>
      </file>
      <file name="card.tsx" path="/Users/axda/Desktop/portfolio/axda-studio-portfolio/projects/galleria/galleria_new/components/ui/card.tsx">
        <metrics statements="18" coveredstatements="12" conditionals="0" coveredconditionals="0" methods="6" coveredmethods="0"/>
        <line num="7" count="1" type="stmt"/>
        <line num="9" count="0" type="stmt"/>
        <line num="19" count="1" type="stmt"/>
        <line num="21" count="1" type="stmt"/>
        <line num="23" count="0" type="stmt"/>
        <line num="30" count="1" type="stmt"/>
        <line num="32" count="1" type="stmt"/>
        <line num="34" count="0" type="stmt"/>
        <line num="46" count="1" type="stmt"/>
        <line num="48" count="1" type="stmt"/>
        <line num="50" count="0" type="stmt"/>
        <line num="57" count="1" type="stmt"/>
        <line num="59" count="1" type="stmt"/>
        <line num="61" count="0" type="stmt"/>
        <line num="66" count="1" type="stmt"/>
        <line num="68" count="1" type="stmt"/>
        <line num="70" count="0" type="stmt"/>
        <line num="77" count="1" type="stmt"/>
      </file>
      <file name="skeleton.tsx" path="/Users/axda/Desktop/portfolio/axda-studio-portfolio/projects/galleria/galleria_new/components/ui/skeleton.tsx">
        <metrics statements="6" coveredstatements="6" conditionals="0" coveredconditionals="0" methods="3" coveredmethods="3"/>
        <line num="11" count="1" type="stmt"/>
        <line num="17" count="1" type="stmt"/>
        <line num="19" count="1" type="stmt"/>
        <line num="20" count="1" type="stmt"/>
        <line num="26" count="2" type="stmt"/>
        <line num="30" count="1" type="stmt"/>
      </file>
      <file name="text.tsx" path="/Users/axda/Desktop/portfolio/axda-studio-portfolio/projects/galleria/galleria_new/components/ui/text.tsx">
        <metrics statements="6" coveredstatements="3" conditionals="3" coveredconditionals="0" methods="1" coveredmethods="0"/>
        <line num="7" count="2" type="stmt"/>
        <line num="9" count="2" type="stmt"/>
        <line num="11" count="0" type="stmt"/>
        <line num="12" count="0" type="cond" truecount="0" falsecount="2"/>
        <line num="13" count="0" type="stmt"/>
        <line num="22" count="2" type="stmt"/>
      </file>
    </package>
    <package name="constants">
      <metrics statements="2" coveredstatements="1" conditionals="0" coveredconditionals="0" methods="1" coveredmethods="0"/>
      <file name="nav.ts" path="/Users/axda/Desktop/portfolio/axda-studio-portfolio/projects/galleria/galleria_new/constants/nav.ts">
        <metrics statements="2" coveredstatements="1" conditionals="0" coveredconditionals="0" methods="1" coveredmethods="0"/>
        <line num="3" count="2" type="stmt"/>
        <line num="6" count="0" type="stmt"/>
      </file>
    </package>
    <package name="lib">
      <metrics statements="5" coveredstatements="4" conditionals="2" coveredconditionals="1" methods="3" coveredmethods="2"/>
      <file name="generatePaintingSlug.ts" path="/Users/axda/Desktop/portfolio/axda-studio-portfolio/projects/galleria/galleria_new/lib/generatePaintingSlug.ts">
        <metrics statements="2" coveredstatements="1" conditionals="0" coveredconditionals="0" methods="1" coveredmethods="0"/>
        <line num="1" count="3" type="stmt"/>
        <line num="2" count="0" type="stmt"/>
      </file>
      <file name="useColorScheme.ts" path="/Users/axda/Desktop/portfolio/axda-studio-portfolio/projects/galleria/galleria_new/lib/useColorScheme.ts">
        <metrics statements="2" coveredstatements="2" conditionals="2" coveredconditionals="1" methods="1" coveredmethods="1"/>
        <line num="5" count="3" type="stmt"/>
        <line num="6" count="2" type="stmt"/>
      </file>
      <file name="utils.ts" path="/Users/axda/Desktop/portfolio/axda-studio-portfolio/projects/galleria/galleria_new/lib/utils.ts">
        <metrics statements="1" coveredstatements="1" conditionals="0" coveredconditionals="0" methods="1" coveredmethods="1"/>
        <line num="5" count="3" type="stmt"/>
      </file>
    </package>
    <package name="lib.icons">
      <metrics statements="3" coveredstatements="3" conditionals="2" coveredconditionals="1" methods="1" coveredmethods="1"/>
      <file name="mapAssetUrl.ts" path="/Users/axda/Desktop/portfolio/axda-studio-portfolio/projects/galleria/galleria_new/lib/icons/mapAssetUrl.ts">
        <metrics statements="3" coveredstatements="3" conditionals="2" coveredconditionals="1" methods="1" coveredmethods="1"/>
        <line num="1" count="1" type="stmt"/>
        <line num="2" count="1" type="stmt"/>
        <line num="109" count="1" type="stmt"/>
      </file>
    </package>
  </project>
</coverage>
