{"/Users/axda/Desktop/portfolio/axda-studio-portfolio/projects/galleria/galleria_new/assets/arnolfini-portrait/artist.jpg": {"path":"/Users/axda/Desktop/portfolio/axda-studio-portfolio/projects/galleria/galleria_new/assets/arnolfini-portrait/artist.jpg","statementMap":{"0":{"start":{"line":1,"column":0},"end":{"line":4,"column":6}}},"fnMap":{},"branchMap":{},"s":{"0":1},"f":{},"b":{},"_coverageSchema":"1a1c01bbd47fc00a2c39e90264f33305004495a9","hash":"e871dc8723c8273a036b1a0cf4c3fe0a80d0ecab"}
,"/Users/axda/Desktop/portfolio/axda-studio-portfolio/projects/galleria/galleria_new/assets/arnolfini-portrait/gallery.jpg": {"path":"/Users/axda/Desktop/portfolio/axda-studio-portfolio/projects/galleria/galleria_new/assets/arnolfini-portrait/gallery.jpg","statementMap":{"0":{"start":{"line":1,"column":0},"end":{"line":4,"column":6}}},"fnMap":{},"branchMap":{},"s":{"0":1},"f":{},"b":{},"_coverageSchema":"1a1c01bbd47fc00a2c39e90264f33305004495a9","hash":"f246bb2fac175c0702922a1d9ac700d1a60abe8b"}
,"/Users/axda/Desktop/portfolio/axda-studio-portfolio/projects/galleria/galleria_new/assets/arnolfini-portrait/hero-large.jpg": {"path":"/Users/axda/Desktop/portfolio/axda-studio-portfolio/projects/galleria/galleria_new/assets/arnolfini-portrait/hero-large.jpg","statementMap":{"0":{"start":{"line":1,"column":0},"end":{"line":4,"column":6}}},"fnMap":{},"branchMap":{},"s":{"0":1},"f":{},"b":{},"_coverageSchema":"1a1c01bbd47fc00a2c39e90264f33305004495a9","hash":"e0cb63928f957af2dc1a1aa9d23935163790e3f0"}
,"/Users/axda/Desktop/portfolio/axda-studio-portfolio/projects/galleria/galleria_new/assets/arnolfini-portrait/hero-small.jpg": {"path":"/Users/axda/Desktop/portfolio/axda-studio-portfolio/projects/galleria/galleria_new/assets/arnolfini-portrait/hero-small.jpg","statementMap":{"0":{"start":{"line":1,"column":0},"end":{"line":4,"column":6}}},"fnMap":{},"branchMap":{},"s":{"0":1},"f":{},"b":{},"_coverageSchema":"1a1c01bbd47fc00a2c39e90264f33305004495a9","hash":"ed4f32107c3eaaeac139e4df6da268e286781794"}
,"/Users/axda/Desktop/portfolio/axda-studio-portfolio/projects/galleria/galleria_new/assets/arnolfini-portrait/thumbnail.jpg": {"path":"/Users/axda/Desktop/portfolio/axda-studio-portfolio/projects/galleria/galleria_new/assets/arnolfini-portrait/thumbnail.jpg","statementMap":{"0":{"start":{"line":1,"column":0},"end":{"line":4,"column":6}}},"fnMap":{},"branchMap":{},"s":{"0":1},"f":{},"b":{},"_coverageSchema":"1a1c01bbd47fc00a2c39e90264f33305004495a9","hash":"44d0839f53f1635f426cd218a2a44589b186727d"}
,"/Users/axda/Desktop/portfolio/axda-studio-portfolio/projects/galleria/galleria_new/assets/girl-with-a-pearl-earring/artist.jpg": {"path":"/Users/axda/Desktop/portfolio/axda-studio-portfolio/projects/galleria/galleria_new/assets/girl-with-a-pearl-earring/artist.jpg","statementMap":{"0":{"start":{"line":1,"column":0},"end":{"line":4,"column":6}}},"fnMap":{},"branchMap":{},"s":{"0":1},"f":{},"b":{},"_coverageSchema":"1a1c01bbd47fc00a2c39e90264f33305004495a9","hash":"e3d8cc7809850d976da07ecec3e010f03a35313f"}
,"/Users/axda/Desktop/portfolio/axda-studio-portfolio/projects/galleria/galleria_new/assets/girl-with-a-pearl-earring/gallery.jpg": {"path":"/Users/axda/Desktop/portfolio/axda-studio-portfolio/projects/galleria/galleria_new/assets/girl-with-a-pearl-earring/gallery.jpg","statementMap":{"0":{"start":{"line":1,"column":0},"end":{"line":4,"column":6}}},"fnMap":{},"branchMap":{},"s":{"0":1},"f":{},"b":{},"_coverageSchema":"1a1c01bbd47fc00a2c39e90264f33305004495a9","hash":"2c755fd656fa9a74c9045e3061c62f593fd2f70f"}
,"/Users/axda/Desktop/portfolio/axda-studio-portfolio/projects/galleria/galleria_new/assets/girl-with-a-pearl-earring/hero-large.jpg": {"path":"/Users/axda/Desktop/portfolio/axda-studio-portfolio/projects/galleria/galleria_new/assets/girl-with-a-pearl-earring/hero-large.jpg","statementMap":{"0":{"start":{"line":1,"column":0},"end":{"line":4,"column":6}}},"fnMap":{},"branchMap":{},"s":{"0":1},"f":{},"b":{},"_coverageSchema":"1a1c01bbd47fc00a2c39e90264f33305004495a9","hash":"586e92afeb6be9cfe8527545cf008b5b03a5b0db"}
,"/Users/axda/Desktop/portfolio/axda-studio-portfolio/projects/galleria/galleria_new/assets/girl-with-a-pearl-earring/hero-small.jpg": {"path":"/Users/axda/Desktop/portfolio/axda-studio-portfolio/projects/galleria/galleria_new/assets/girl-with-a-pearl-earring/hero-small.jpg","statementMap":{"0":{"start":{"line":1,"column":0},"end":{"line":4,"column":6}}},"fnMap":{},"branchMap":{},"s":{"0":1},"f":{},"b":{},"_coverageSchema":"1a1c01bbd47fc00a2c39e90264f33305004495a9","hash":"fbcf0edcff1f924ba7753837b03afb1a7c299e9b"}
,"/Users/axda/Desktop/portfolio/axda-studio-portfolio/projects/galleria/galleria_new/assets/girl-with-a-pearl-earring/thumbnail.jpg": {"path":"/Users/axda/Desktop/portfolio/axda-studio-portfolio/projects/galleria/galleria_new/assets/girl-with-a-pearl-earring/thumbnail.jpg","statementMap":{"0":{"start":{"line":1,"column":0},"end":{"line":4,"column":6}}},"fnMap":{},"branchMap":{},"s":{"0":1},"f":{},"b":{},"_coverageSchema":"1a1c01bbd47fc00a2c39e90264f33305004495a9","hash":"56d85dddb10e23926ae9dbf5089c27a1c909591c"}
,"/Users/axda/Desktop/portfolio/axda-studio-portfolio/projects/galleria/galleria_new/assets/guernica/artist.jpg": {"path":"/Users/axda/Desktop/portfolio/axda-studio-portfolio/projects/galleria/galleria_new/assets/guernica/artist.jpg","statementMap":{"0":{"start":{"line":1,"column":0},"end":{"line":4,"column":6}}},"fnMap":{},"branchMap":{},"s":{"0":1},"f":{},"b":{},"_coverageSchema":"1a1c01bbd47fc00a2c39e90264f33305004495a9","hash":"134ca133d3df14e69416e6aa72705811d922dbac"}
,"/Users/axda/Desktop/portfolio/axda-studio-portfolio/projects/galleria/galleria_new/assets/guernica/gallery.jpg": {"path":"/Users/axda/Desktop/portfolio/axda-studio-portfolio/projects/galleria/galleria_new/assets/guernica/gallery.jpg","statementMap":{"0":{"start":{"line":1,"column":0},"end":{"line":4,"column":6}}},"fnMap":{},"branchMap":{},"s":{"0":1},"f":{},"b":{},"_coverageSchema":"1a1c01bbd47fc00a2c39e90264f33305004495a9","hash":"22c0c72cec46a8e93e6c999ed46aac4702c84ea2"}
,"/Users/axda/Desktop/portfolio/axda-studio-portfolio/projects/galleria/galleria_new/assets/guernica/hero-large.jpg": {"path":"/Users/axda/Desktop/portfolio/axda-studio-portfolio/projects/galleria/galleria_new/assets/guernica/hero-large.jpg","statementMap":{"0":{"start":{"line":1,"column":0},"end":{"line":4,"column":6}}},"fnMap":{},"branchMap":{},"s":{"0":1},"f":{},"b":{},"_coverageSchema":"1a1c01bbd47fc00a2c39e90264f33305004495a9","hash":"e53fe7ebd0e11ac79072655a5ac921da9b9795b5"}
,"/Users/axda/Desktop/portfolio/axda-studio-portfolio/projects/galleria/galleria_new/assets/guernica/hero-small.jpg": {"path":"/Users/axda/Desktop/portfolio/axda-studio-portfolio/projects/galleria/galleria_new/assets/guernica/hero-small.jpg","statementMap":{"0":{"start":{"line":1,"column":0},"end":{"line":4,"column":6}}},"fnMap":{},"branchMap":{},"s":{"0":1},"f":{},"b":{},"_coverageSchema":"1a1c01bbd47fc00a2c39e90264f33305004495a9","hash":"63a736faf0923ab8adc94e6fe33f63684b9e2162"}
,"/Users/axda/Desktop/portfolio/axda-studio-portfolio/projects/galleria/galleria_new/assets/guernica/thumbnail.jpg": {"path":"/Users/axda/Desktop/portfolio/axda-studio-portfolio/projects/galleria/galleria_new/assets/guernica/thumbnail.jpg","statementMap":{"0":{"start":{"line":1,"column":0},"end":{"line":4,"column":6}}},"fnMap":{},"branchMap":{},"s":{"0":1},"f":{},"b":{},"_coverageSchema":"1a1c01bbd47fc00a2c39e90264f33305004495a9","hash":"aa8978610bf4ed65564640fb9eb789cd89f869da"}
,"/Users/axda/Desktop/portfolio/axda-studio-portfolio/projects/galleria/galleria_new/assets/lady-with-an-ermine/artist.jpg": {"path":"/Users/axda/Desktop/portfolio/axda-studio-portfolio/projects/galleria/galleria_new/assets/lady-with-an-ermine/artist.jpg","statementMap":{"0":{"start":{"line":1,"column":0},"end":{"line":4,"column":6}}},"fnMap":{},"branchMap":{},"s":{"0":1},"f":{},"b":{},"_coverageSchema":"1a1c01bbd47fc00a2c39e90264f33305004495a9","hash":"9b79106e3847f796269bc9bc92f3c30d63613dd2"}
,"/Users/axda/Desktop/portfolio/axda-studio-portfolio/projects/galleria/galleria_new/assets/lady-with-an-ermine/gallery.jpg": {"path":"/Users/axda/Desktop/portfolio/axda-studio-portfolio/projects/galleria/galleria_new/assets/lady-with-an-ermine/gallery.jpg","statementMap":{"0":{"start":{"line":1,"column":0},"end":{"line":4,"column":6}}},"fnMap":{},"branchMap":{},"s":{"0":1},"f":{},"b":{},"_coverageSchema":"1a1c01bbd47fc00a2c39e90264f33305004495a9","hash":"be8c1a033d30e162828c4b107fb78f4ebd57fb61"}
,"/Users/axda/Desktop/portfolio/axda-studio-portfolio/projects/galleria/galleria_new/assets/lady-with-an-ermine/hero-large.jpg": {"path":"/Users/axda/Desktop/portfolio/axda-studio-portfolio/projects/galleria/galleria_new/assets/lady-with-an-ermine/hero-large.jpg","statementMap":{"0":{"start":{"line":1,"column":0},"end":{"line":4,"column":6}}},"fnMap":{},"branchMap":{},"s":{"0":1},"f":{},"b":{},"_coverageSchema":"1a1c01bbd47fc00a2c39e90264f33305004495a9","hash":"6c50bf792d448265770bbc533166399e6212e9a4"}
,"/Users/axda/Desktop/portfolio/axda-studio-portfolio/projects/galleria/galleria_new/assets/lady-with-an-ermine/hero-small.jpg": {"path":"/Users/axda/Desktop/portfolio/axda-studio-portfolio/projects/galleria/galleria_new/assets/lady-with-an-ermine/hero-small.jpg","statementMap":{"0":{"start":{"line":1,"column":0},"end":{"line":4,"column":6}}},"fnMap":{},"branchMap":{},"s":{"0":1},"f":{},"b":{},"_coverageSchema":"1a1c01bbd47fc00a2c39e90264f33305004495a9","hash":"ac4d75a54d955a338e66c24bc857bb8377a30edc"}
,"/Users/axda/Desktop/portfolio/axda-studio-portfolio/projects/galleria/galleria_new/assets/lady-with-an-ermine/thumbnail.jpg": {"path":"/Users/axda/Desktop/portfolio/axda-studio-portfolio/projects/galleria/galleria_new/assets/lady-with-an-ermine/thumbnail.jpg","statementMap":{"0":{"start":{"line":1,"column":0},"end":{"line":4,"column":6}}},"fnMap":{},"branchMap":{},"s":{"0":1},"f":{},"b":{},"_coverageSchema":"1a1c01bbd47fc00a2c39e90264f33305004495a9","hash":"194e85297afb6ac33eac6a8d3d0af3b542a160bf"}
,"/Users/axda/Desktop/portfolio/axda-studio-portfolio/projects/galleria/galleria_new/assets/mona-lisa/artist.jpg": {"path":"/Users/axda/Desktop/portfolio/axda-studio-portfolio/projects/galleria/galleria_new/assets/mona-lisa/artist.jpg","statementMap":{"0":{"start":{"line":1,"column":0},"end":{"line":4,"column":6}}},"fnMap":{},"branchMap":{},"s":{"0":1},"f":{},"b":{},"_coverageSchema":"1a1c01bbd47fc00a2c39e90264f33305004495a9","hash":"9273617d3263cb85674b3ae0af0fd313c1ae2c08"}
,"/Users/axda/Desktop/portfolio/axda-studio-portfolio/projects/galleria/galleria_new/assets/mona-lisa/gallery.jpg": {"path":"/Users/axda/Desktop/portfolio/axda-studio-portfolio/projects/galleria/galleria_new/assets/mona-lisa/gallery.jpg","statementMap":{"0":{"start":{"line":1,"column":0},"end":{"line":4,"column":6}}},"fnMap":{},"branchMap":{},"s":{"0":1},"f":{},"b":{},"_coverageSchema":"1a1c01bbd47fc00a2c39e90264f33305004495a9","hash":"640cd425eef65c664a6775645695570c3e74d7a8"}
,"/Users/axda/Desktop/portfolio/axda-studio-portfolio/projects/galleria/galleria_new/assets/mona-lisa/hero-large.jpg": {"path":"/Users/axda/Desktop/portfolio/axda-studio-portfolio/projects/galleria/galleria_new/assets/mona-lisa/hero-large.jpg","statementMap":{"0":{"start":{"line":1,"column":0},"end":{"line":4,"column":6}}},"fnMap":{},"branchMap":{},"s":{"0":1},"f":{},"b":{},"_coverageSchema":"1a1c01bbd47fc00a2c39e90264f33305004495a9","hash":"cda8d1dbfcfb7fe216c701871eaa762e45fa4707"}
,"/Users/axda/Desktop/portfolio/axda-studio-portfolio/projects/galleria/galleria_new/assets/mona-lisa/hero-small.jpg": {"path":"/Users/axda/Desktop/portfolio/axda-studio-portfolio/projects/galleria/galleria_new/assets/mona-lisa/hero-small.jpg","statementMap":{"0":{"start":{"line":1,"column":0},"end":{"line":4,"column":6}}},"fnMap":{},"branchMap":{},"s":{"0":1},"f":{},"b":{},"_coverageSchema":"1a1c01bbd47fc00a2c39e90264f33305004495a9","hash":"4c9ccb358d606af7d47d37ed45d7fa58bbc427b1"}
,"/Users/axda/Desktop/portfolio/axda-studio-portfolio/projects/galleria/galleria_new/assets/mona-lisa/thumbnail.jpg": {"path":"/Users/axda/Desktop/portfolio/axda-studio-portfolio/projects/galleria/galleria_new/assets/mona-lisa/thumbnail.jpg","statementMap":{"0":{"start":{"line":1,"column":0},"end":{"line":4,"column":6}}},"fnMap":{},"branchMap":{},"s":{"0":1},"f":{},"b":{},"_coverageSchema":"1a1c01bbd47fc00a2c39e90264f33305004495a9","hash":"96930be200a3424d27f219deea26fc2c29cc1129"}
,"/Users/axda/Desktop/portfolio/axda-studio-portfolio/projects/galleria/galleria_new/assets/penitent-magdalene/artist.jpg": {"path":"/Users/axda/Desktop/portfolio/axda-studio-portfolio/projects/galleria/galleria_new/assets/penitent-magdalene/artist.jpg","statementMap":{"0":{"start":{"line":1,"column":0},"end":{"line":4,"column":6}}},"fnMap":{},"branchMap":{},"s":{"0":1},"f":{},"b":{},"_coverageSchema":"1a1c01bbd47fc00a2c39e90264f33305004495a9","hash":"6b9e20825082c6275217a575b25b720fad33e7cd"}
,"/Users/axda/Desktop/portfolio/axda-studio-portfolio/projects/galleria/galleria_new/assets/penitent-magdalene/gallery.jpg": {"path":"/Users/axda/Desktop/portfolio/axda-studio-portfolio/projects/galleria/galleria_new/assets/penitent-magdalene/gallery.jpg","statementMap":{"0":{"start":{"line":1,"column":0},"end":{"line":4,"column":6}}},"fnMap":{},"branchMap":{},"s":{"0":1},"f":{},"b":{},"_coverageSchema":"1a1c01bbd47fc00a2c39e90264f33305004495a9","hash":"c230b18265d2104b2ced5f40b03d0bb42c0e6f7a"}
,"/Users/axda/Desktop/portfolio/axda-studio-portfolio/projects/galleria/galleria_new/assets/penitent-magdalene/hero-large.jpg": {"path":"/Users/axda/Desktop/portfolio/axda-studio-portfolio/projects/galleria/galleria_new/assets/penitent-magdalene/hero-large.jpg","statementMap":{"0":{"start":{"line":1,"column":0},"end":{"line":4,"column":6}}},"fnMap":{},"branchMap":{},"s":{"0":1},"f":{},"b":{},"_coverageSchema":"1a1c01bbd47fc00a2c39e90264f33305004495a9","hash":"fab9c541c7684b720fccc2cc3db781685067a4bb"}
,"/Users/axda/Desktop/portfolio/axda-studio-portfolio/projects/galleria/galleria_new/assets/penitent-magdalene/hero-small.jpg": {"path":"/Users/axda/Desktop/portfolio/axda-studio-portfolio/projects/galleria/galleria_new/assets/penitent-magdalene/hero-small.jpg","statementMap":{"0":{"start":{"line":1,"column":0},"end":{"line":4,"column":6}}},"fnMap":{},"branchMap":{},"s":{"0":1},"f":{},"b":{},"_coverageSchema":"1a1c01bbd47fc00a2c39e90264f33305004495a9","hash":"1651b84cd86e16a20e761c279ad6be3840c13607"}
,"/Users/axda/Desktop/portfolio/axda-studio-portfolio/projects/galleria/galleria_new/assets/penitent-magdalene/thumbnail.jpg": {"path":"/Users/axda/Desktop/portfolio/axda-studio-portfolio/projects/galleria/galleria_new/assets/penitent-magdalene/thumbnail.jpg","statementMap":{"0":{"start":{"line":1,"column":0},"end":{"line":4,"column":6}}},"fnMap":{},"branchMap":{},"s":{"0":1},"f":{},"b":{},"_coverageSchema":"1a1c01bbd47fc00a2c39e90264f33305004495a9","hash":"6c0d8e2aea2c8f4eb61d5757b641b16386753ddb"}
,"/Users/axda/Desktop/portfolio/axda-studio-portfolio/projects/galleria/galleria_new/assets/starry-night/artist.jpg": {"path":"/Users/axda/Desktop/portfolio/axda-studio-portfolio/projects/galleria/galleria_new/assets/starry-night/artist.jpg","statementMap":{"0":{"start":{"line":1,"column":0},"end":{"line":4,"column":6}}},"fnMap":{},"branchMap":{},"s":{"0":1},"f":{},"b":{},"_coverageSchema":"1a1c01bbd47fc00a2c39e90264f33305004495a9","hash":"a2fd5f39b23d90262ace90659b1126f3c51f9baf"}
,"/Users/axda/Desktop/portfolio/axda-studio-portfolio/projects/galleria/galleria_new/assets/starry-night/gallery.jpg": {"path":"/Users/axda/Desktop/portfolio/axda-studio-portfolio/projects/galleria/galleria_new/assets/starry-night/gallery.jpg","statementMap":{"0":{"start":{"line":1,"column":0},"end":{"line":4,"column":6}}},"fnMap":{},"branchMap":{},"s":{"0":1},"f":{},"b":{},"_coverageSchema":"1a1c01bbd47fc00a2c39e90264f33305004495a9","hash":"408a1c5be1d8c128ab0c64a1eb0f17668bd56376"}
,"/Users/axda/Desktop/portfolio/axda-studio-portfolio/projects/galleria/galleria_new/assets/starry-night/hero-large.jpg": {"path":"/Users/axda/Desktop/portfolio/axda-studio-portfolio/projects/galleria/galleria_new/assets/starry-night/hero-large.jpg","statementMap":{"0":{"start":{"line":1,"column":0},"end":{"line":4,"column":6}}},"fnMap":{},"branchMap":{},"s":{"0":1},"f":{},"b":{},"_coverageSchema":"1a1c01bbd47fc00a2c39e90264f33305004495a9","hash":"9e443a498cab77f2e57ab0488d186d20638b09bc"}
,"/Users/axda/Desktop/portfolio/axda-studio-portfolio/projects/galleria/galleria_new/assets/starry-night/hero-small.jpg": {"path":"/Users/axda/Desktop/portfolio/axda-studio-portfolio/projects/galleria/galleria_new/assets/starry-night/hero-small.jpg","statementMap":{"0":{"start":{"line":1,"column":0},"end":{"line":4,"column":6}}},"fnMap":{},"branchMap":{},"s":{"0":1},"f":{},"b":{},"_coverageSchema":"1a1c01bbd47fc00a2c39e90264f33305004495a9","hash":"13046511b937a98126be0030abb722f2e45e40fa"}
,"/Users/axda/Desktop/portfolio/axda-studio-portfolio/projects/galleria/galleria_new/assets/starry-night/thumbnail.jpg": {"path":"/Users/axda/Desktop/portfolio/axda-studio-portfolio/projects/galleria/galleria_new/assets/starry-night/thumbnail.jpg","statementMap":{"0":{"start":{"line":1,"column":0},"end":{"line":4,"column":6}}},"fnMap":{},"branchMap":{},"s":{"0":1},"f":{},"b":{},"_coverageSchema":"1a1c01bbd47fc00a2c39e90264f33305004495a9","hash":"9ebf137b0fb9876cfe7f111d8aff0eee088e39db"}
,"/Users/axda/Desktop/portfolio/axda-studio-portfolio/projects/galleria/galleria_new/assets/the-basket-of-apples/artist.jpg": {"path":"/Users/axda/Desktop/portfolio/axda-studio-portfolio/projects/galleria/galleria_new/assets/the-basket-of-apples/artist.jpg","statementMap":{"0":{"start":{"line":1,"column":0},"end":{"line":4,"column":6}}},"fnMap":{},"branchMap":{},"s":{"0":1},"f":{},"b":{},"_coverageSchema":"1a1c01bbd47fc00a2c39e90264f33305004495a9","hash":"ec89fa8d2c1de5daae8cc70996f960379e008ec1"}
,"/Users/axda/Desktop/portfolio/axda-studio-portfolio/projects/galleria/galleria_new/assets/the-basket-of-apples/gallery.jpg": {"path":"/Users/axda/Desktop/portfolio/axda-studio-portfolio/projects/galleria/galleria_new/assets/the-basket-of-apples/gallery.jpg","statementMap":{"0":{"start":{"line":1,"column":0},"end":{"line":4,"column":6}}},"fnMap":{},"branchMap":{},"s":{"0":1},"f":{},"b":{},"_coverageSchema":"1a1c01bbd47fc00a2c39e90264f33305004495a9","hash":"75be34e511b794cc66d288afeb56283ecb1ea0c6"}
,"/Users/axda/Desktop/portfolio/axda-studio-portfolio/projects/galleria/galleria_new/assets/the-basket-of-apples/hero-large.jpg": {"path":"/Users/axda/Desktop/portfolio/axda-studio-portfolio/projects/galleria/galleria_new/assets/the-basket-of-apples/hero-large.jpg","statementMap":{"0":{"start":{"line":1,"column":0},"end":{"line":4,"column":6}}},"fnMap":{},"branchMap":{},"s":{"0":1},"f":{},"b":{},"_coverageSchema":"1a1c01bbd47fc00a2c39e90264f33305004495a9","hash":"39899cc72e4a3eb98c313349e0f07cfcbce7444a"}
,"/Users/axda/Desktop/portfolio/axda-studio-portfolio/projects/galleria/galleria_new/assets/the-basket-of-apples/hero-small.jpg": {"path":"/Users/axda/Desktop/portfolio/axda-studio-portfolio/projects/galleria/galleria_new/assets/the-basket-of-apples/hero-small.jpg","statementMap":{"0":{"start":{"line":1,"column":0},"end":{"line":4,"column":6}}},"fnMap":{},"branchMap":{},"s":{"0":1},"f":{},"b":{},"_coverageSchema":"1a1c01bbd47fc00a2c39e90264f33305004495a9","hash":"de606c6237dfe3542dd8b2fcdade75106cc93153"}
,"/Users/axda/Desktop/portfolio/axda-studio-portfolio/projects/galleria/galleria_new/assets/the-basket-of-apples/thumbnail.jpg": {"path":"/Users/axda/Desktop/portfolio/axda-studio-portfolio/projects/galleria/galleria_new/assets/the-basket-of-apples/thumbnail.jpg","statementMap":{"0":{"start":{"line":1,"column":0},"end":{"line":4,"column":6}}},"fnMap":{},"branchMap":{},"s":{"0":1},"f":{},"b":{},"_coverageSchema":"1a1c01bbd47fc00a2c39e90264f33305004495a9","hash":"b5791a322e7fd5f211da0f809be9539af5c67042"}
,"/Users/axda/Desktop/portfolio/axda-studio-portfolio/projects/galleria/galleria_new/assets/the-boy-in-the-red-vest/artist.jpg": {"path":"/Users/axda/Desktop/portfolio/axda-studio-portfolio/projects/galleria/galleria_new/assets/the-boy-in-the-red-vest/artist.jpg","statementMap":{"0":{"start":{"line":1,"column":0},"end":{"line":4,"column":6}}},"fnMap":{},"branchMap":{},"s":{"0":1},"f":{},"b":{},"_coverageSchema":"1a1c01bbd47fc00a2c39e90264f33305004495a9","hash":"e8a1f37f1edcee35f8ce1b1862a3036f303e3644"}
,"/Users/axda/Desktop/portfolio/axda-studio-portfolio/projects/galleria/galleria_new/assets/the-boy-in-the-red-vest/gallery.jpg": {"path":"/Users/axda/Desktop/portfolio/axda-studio-portfolio/projects/galleria/galleria_new/assets/the-boy-in-the-red-vest/gallery.jpg","statementMap":{"0":{"start":{"line":1,"column":0},"end":{"line":4,"column":6}}},"fnMap":{},"branchMap":{},"s":{"0":1},"f":{},"b":{},"_coverageSchema":"1a1c01bbd47fc00a2c39e90264f33305004495a9","hash":"9c6e9201a964fbdaf4f9610d11ff83ec19af2b21"}
,"/Users/axda/Desktop/portfolio/axda-studio-portfolio/projects/galleria/galleria_new/assets/the-boy-in-the-red-vest/hero-large.jpg": {"path":"/Users/axda/Desktop/portfolio/axda-studio-portfolio/projects/galleria/galleria_new/assets/the-boy-in-the-red-vest/hero-large.jpg","statementMap":{"0":{"start":{"line":1,"column":0},"end":{"line":4,"column":6}}},"fnMap":{},"branchMap":{},"s":{"0":1},"f":{},"b":{},"_coverageSchema":"1a1c01bbd47fc00a2c39e90264f33305004495a9","hash":"2439b7727b2d99bada10ecb125535958e8809c70"}
,"/Users/axda/Desktop/portfolio/axda-studio-portfolio/projects/galleria/galleria_new/assets/the-boy-in-the-red-vest/hero-small.jpg": {"path":"/Users/axda/Desktop/portfolio/axda-studio-portfolio/projects/galleria/galleria_new/assets/the-boy-in-the-red-vest/hero-small.jpg","statementMap":{"0":{"start":{"line":1,"column":0},"end":{"line":4,"column":6}}},"fnMap":{},"branchMap":{},"s":{"0":1},"f":{},"b":{},"_coverageSchema":"1a1c01bbd47fc00a2c39e90264f33305004495a9","hash":"aa96a66c7c9cb2fc1d039763d36ba3c7a981e461"}
,"/Users/axda/Desktop/portfolio/axda-studio-portfolio/projects/galleria/galleria_new/assets/the-boy-in-the-red-vest/thumbnail.jpg": {"path":"/Users/axda/Desktop/portfolio/axda-studio-portfolio/projects/galleria/galleria_new/assets/the-boy-in-the-red-vest/thumbnail.jpg","statementMap":{"0":{"start":{"line":1,"column":0},"end":{"line":4,"column":6}}},"fnMap":{},"branchMap":{},"s":{"0":1},"f":{},"b":{},"_coverageSchema":"1a1c01bbd47fc00a2c39e90264f33305004495a9","hash":"5c7d3962dc045cea7245bde056cd5127ac8c7332"}
,"/Users/axda/Desktop/portfolio/axda-studio-portfolio/projects/galleria/galleria_new/assets/the-great-wave-off-kanagawa/artist.jpg": {"path":"/Users/axda/Desktop/portfolio/axda-studio-portfolio/projects/galleria/galleria_new/assets/the-great-wave-off-kanagawa/artist.jpg","statementMap":{"0":{"start":{"line":1,"column":0},"end":{"line":4,"column":6}}},"fnMap":{},"branchMap":{},"s":{"0":1},"f":{},"b":{},"_coverageSchema":"1a1c01bbd47fc00a2c39e90264f33305004495a9","hash":"6e8e58a822476199144335c406f81ff1a0eab109"}
,"/Users/axda/Desktop/portfolio/axda-studio-portfolio/projects/galleria/galleria_new/assets/the-great-wave-off-kanagawa/gallery.jpg": {"path":"/Users/axda/Desktop/portfolio/axda-studio-portfolio/projects/galleria/galleria_new/assets/the-great-wave-off-kanagawa/gallery.jpg","statementMap":{"0":{"start":{"line":1,"column":0},"end":{"line":4,"column":6}}},"fnMap":{},"branchMap":{},"s":{"0":1},"f":{},"b":{},"_coverageSchema":"1a1c01bbd47fc00a2c39e90264f33305004495a9","hash":"10f5297b3ae06ef1ba46125094707859cd404c7d"}
,"/Users/axda/Desktop/portfolio/axda-studio-portfolio/projects/galleria/galleria_new/assets/the-great-wave-off-kanagawa/hero-large.jpg": {"path":"/Users/axda/Desktop/portfolio/axda-studio-portfolio/projects/galleria/galleria_new/assets/the-great-wave-off-kanagawa/hero-large.jpg","statementMap":{"0":{"start":{"line":1,"column":0},"end":{"line":4,"column":6}}},"fnMap":{},"branchMap":{},"s":{"0":1},"f":{},"b":{},"_coverageSchema":"1a1c01bbd47fc00a2c39e90264f33305004495a9","hash":"5251171739d10e28762e5b522a0a676e042eecb8"}
,"/Users/axda/Desktop/portfolio/axda-studio-portfolio/projects/galleria/galleria_new/assets/the-great-wave-off-kanagawa/hero-small.jpg": {"path":"/Users/axda/Desktop/portfolio/axda-studio-portfolio/projects/galleria/galleria_new/assets/the-great-wave-off-kanagawa/hero-small.jpg","statementMap":{"0":{"start":{"line":1,"column":0},"end":{"line":4,"column":6}}},"fnMap":{},"branchMap":{},"s":{"0":1},"f":{},"b":{},"_coverageSchema":"1a1c01bbd47fc00a2c39e90264f33305004495a9","hash":"81601a778c4c57dc5b732e53cc341427156eb19a"}
,"/Users/axda/Desktop/portfolio/axda-studio-portfolio/projects/galleria/galleria_new/assets/the-great-wave-off-kanagawa/thumbnail.jpg": {"path":"/Users/axda/Desktop/portfolio/axda-studio-portfolio/projects/galleria/galleria_new/assets/the-great-wave-off-kanagawa/thumbnail.jpg","statementMap":{"0":{"start":{"line":1,"column":0},"end":{"line":4,"column":6}}},"fnMap":{},"branchMap":{},"s":{"0":1},"f":{},"b":{},"_coverageSchema":"1a1c01bbd47fc00a2c39e90264f33305004495a9","hash":"45a4acde255247f5cf27caba1807d62d88740602"}
,"/Users/axda/Desktop/portfolio/axda-studio-portfolio/projects/galleria/galleria_new/assets/the-night-cafe/artist.jpg": {"path":"/Users/axda/Desktop/portfolio/axda-studio-portfolio/projects/galleria/galleria_new/assets/the-night-cafe/artist.jpg","statementMap":{"0":{"start":{"line":1,"column":0},"end":{"line":4,"column":6}}},"fnMap":{},"branchMap":{},"s":{"0":1},"f":{},"b":{},"_coverageSchema":"1a1c01bbd47fc00a2c39e90264f33305004495a9","hash":"c45108093882e21a9176d5c634fac02d595a0bc2"}
,"/Users/axda/Desktop/portfolio/axda-studio-portfolio/projects/galleria/galleria_new/assets/the-night-cafe/gallery.jpg": {"path":"/Users/axda/Desktop/portfolio/axda-studio-portfolio/projects/galleria/galleria_new/assets/the-night-cafe/gallery.jpg","statementMap":{"0":{"start":{"line":1,"column":0},"end":{"line":4,"column":6}}},"fnMap":{},"branchMap":{},"s":{"0":1},"f":{},"b":{},"_coverageSchema":"1a1c01bbd47fc00a2c39e90264f33305004495a9","hash":"7d7781837f42322e0a26e5f90bda4bb2426ee1d5"}
,"/Users/axda/Desktop/portfolio/axda-studio-portfolio/projects/galleria/galleria_new/assets/the-night-cafe/hero-large.jpg": {"path":"/Users/axda/Desktop/portfolio/axda-studio-portfolio/projects/galleria/galleria_new/assets/the-night-cafe/hero-large.jpg","statementMap":{"0":{"start":{"line":1,"column":0},"end":{"line":4,"column":6}}},"fnMap":{},"branchMap":{},"s":{"0":1},"f":{},"b":{},"_coverageSchema":"1a1c01bbd47fc00a2c39e90264f33305004495a9","hash":"a184c4391be4880297c1d8598cf47b144a78089b"}
,"/Users/axda/Desktop/portfolio/axda-studio-portfolio/projects/galleria/galleria_new/assets/the-night-cafe/hero-small.jpg": {"path":"/Users/axda/Desktop/portfolio/axda-studio-portfolio/projects/galleria/galleria_new/assets/the-night-cafe/hero-small.jpg","statementMap":{"0":{"start":{"line":1,"column":0},"end":{"line":4,"column":6}}},"fnMap":{},"branchMap":{},"s":{"0":1},"f":{},"b":{},"_coverageSchema":"1a1c01bbd47fc00a2c39e90264f33305004495a9","hash":"ca6f3244fba14482a34ddde7ec6854969fea4a36"}
,"/Users/axda/Desktop/portfolio/axda-studio-portfolio/projects/galleria/galleria_new/assets/the-night-cafe/thumbnail.jpg": {"path":"/Users/axda/Desktop/portfolio/axda-studio-portfolio/projects/galleria/galleria_new/assets/the-night-cafe/thumbnail.jpg","statementMap":{"0":{"start":{"line":1,"column":0},"end":{"line":4,"column":6}}},"fnMap":{},"branchMap":{},"s":{"0":1},"f":{},"b":{},"_coverageSchema":"1a1c01bbd47fc00a2c39e90264f33305004495a9","hash":"d41a3ba8a95641a622c9269ccd9d54a2c9187af2"}
,"/Users/axda/Desktop/portfolio/axda-studio-portfolio/projects/galleria/galleria_new/assets/the-sleeping-gypsy/artist.jpg": {"path":"/Users/axda/Desktop/portfolio/axda-studio-portfolio/projects/galleria/galleria_new/assets/the-sleeping-gypsy/artist.jpg","statementMap":{"0":{"start":{"line":1,"column":0},"end":{"line":4,"column":6}}},"fnMap":{},"branchMap":{},"s":{"0":1},"f":{},"b":{},"_coverageSchema":"1a1c01bbd47fc00a2c39e90264f33305004495a9","hash":"22e85f06ff3a79a5fd51c5e783cfeba6a47a6548"}
,"/Users/axda/Desktop/portfolio/axda-studio-portfolio/projects/galleria/galleria_new/assets/the-sleeping-gypsy/gallery.jpg": {"path":"/Users/axda/Desktop/portfolio/axda-studio-portfolio/projects/galleria/galleria_new/assets/the-sleeping-gypsy/gallery.jpg","statementMap":{"0":{"start":{"line":1,"column":0},"end":{"line":4,"column":6}}},"fnMap":{},"branchMap":{},"s":{"0":1},"f":{},"b":{},"_coverageSchema":"1a1c01bbd47fc00a2c39e90264f33305004495a9","hash":"101b98b0ffe7b09ae1eaff14278912b94e5b7d0e"}
,"/Users/axda/Desktop/portfolio/axda-studio-portfolio/projects/galleria/galleria_new/assets/the-sleeping-gypsy/hero-large.jpg": {"path":"/Users/axda/Desktop/portfolio/axda-studio-portfolio/projects/galleria/galleria_new/assets/the-sleeping-gypsy/hero-large.jpg","statementMap":{"0":{"start":{"line":1,"column":0},"end":{"line":4,"column":6}}},"fnMap":{},"branchMap":{},"s":{"0":1},"f":{},"b":{},"_coverageSchema":"1a1c01bbd47fc00a2c39e90264f33305004495a9","hash":"8c4c455dd6dd3432946ed59693818d773b7028ac"}
,"/Users/axda/Desktop/portfolio/axda-studio-portfolio/projects/galleria/galleria_new/assets/the-sleeping-gypsy/hero-small.jpg": {"path":"/Users/axda/Desktop/portfolio/axda-studio-portfolio/projects/galleria/galleria_new/assets/the-sleeping-gypsy/hero-small.jpg","statementMap":{"0":{"start":{"line":1,"column":0},"end":{"line":4,"column":6}}},"fnMap":{},"branchMap":{},"s":{"0":1},"f":{},"b":{},"_coverageSchema":"1a1c01bbd47fc00a2c39e90264f33305004495a9","hash":"61771ff3144f1e6a0121ea9a160962f41d56e558"}
,"/Users/axda/Desktop/portfolio/axda-studio-portfolio/projects/galleria/galleria_new/assets/the-sleeping-gypsy/thumbnail.jpg": {"path":"/Users/axda/Desktop/portfolio/axda-studio-portfolio/projects/galleria/galleria_new/assets/the-sleeping-gypsy/thumbnail.jpg","statementMap":{"0":{"start":{"line":1,"column":0},"end":{"line":4,"column":6}}},"fnMap":{},"branchMap":{},"s":{"0":1},"f":{},"b":{},"_coverageSchema":"1a1c01bbd47fc00a2c39e90264f33305004495a9","hash":"ebf92f225019ef57b620a1ba881d09334292d9ea"}
,"/Users/axda/Desktop/portfolio/axda-studio-portfolio/projects/galleria/galleria_new/assets/the-storm-on-the-sea-of-galilee/artist.jpg": {"path":"/Users/axda/Desktop/portfolio/axda-studio-portfolio/projects/galleria/galleria_new/assets/the-storm-on-the-sea-of-galilee/artist.jpg","statementMap":{"0":{"start":{"line":1,"column":0},"end":{"line":4,"column":6}}},"fnMap":{},"branchMap":{},"s":{"0":1},"f":{},"b":{},"_coverageSchema":"1a1c01bbd47fc00a2c39e90264f33305004495a9","hash":"ab751434bf866b4a5fa8f77614dbb38dd48eac8b"}
,"/Users/axda/Desktop/portfolio/axda-studio-portfolio/projects/galleria/galleria_new/assets/the-storm-on-the-sea-of-galilee/gallery.jpg": {"path":"/Users/axda/Desktop/portfolio/axda-studio-portfolio/projects/galleria/galleria_new/assets/the-storm-on-the-sea-of-galilee/gallery.jpg","statementMap":{"0":{"start":{"line":1,"column":0},"end":{"line":4,"column":6}}},"fnMap":{},"branchMap":{},"s":{"0":1},"f":{},"b":{},"_coverageSchema":"1a1c01bbd47fc00a2c39e90264f33305004495a9","hash":"92b6acefe3343d9367294df4e8c922738db7de15"}
,"/Users/axda/Desktop/portfolio/axda-studio-portfolio/projects/galleria/galleria_new/assets/the-storm-on-the-sea-of-galilee/hero-large.jpg": {"path":"/Users/axda/Desktop/portfolio/axda-studio-portfolio/projects/galleria/galleria_new/assets/the-storm-on-the-sea-of-galilee/hero-large.jpg","statementMap":{"0":{"start":{"line":1,"column":0},"end":{"line":4,"column":6}}},"fnMap":{},"branchMap":{},"s":{"0":1},"f":{},"b":{},"_coverageSchema":"1a1c01bbd47fc00a2c39e90264f33305004495a9","hash":"59752bc454c5892493a51aeb52b6f04751f718f7"}
,"/Users/axda/Desktop/portfolio/axda-studio-portfolio/projects/galleria/galleria_new/assets/the-storm-on-the-sea-of-galilee/hero-small.jpg": {"path":"/Users/axda/Desktop/portfolio/axda-studio-portfolio/projects/galleria/galleria_new/assets/the-storm-on-the-sea-of-galilee/hero-small.jpg","statementMap":{"0":{"start":{"line":1,"column":0},"end":{"line":4,"column":6}}},"fnMap":{},"branchMap":{},"s":{"0":1},"f":{},"b":{},"_coverageSchema":"1a1c01bbd47fc00a2c39e90264f33305004495a9","hash":"80ea88e0f11cd3dafc9339873a86e21a1ada369c"}
,"/Users/axda/Desktop/portfolio/axda-studio-portfolio/projects/galleria/galleria_new/assets/the-storm-on-the-sea-of-galilee/thumbnail.jpg": {"path":"/Users/axda/Desktop/portfolio/axda-studio-portfolio/projects/galleria/galleria_new/assets/the-storm-on-the-sea-of-galilee/thumbnail.jpg","statementMap":{"0":{"start":{"line":1,"column":0},"end":{"line":4,"column":6}}},"fnMap":{},"branchMap":{},"s":{"0":1},"f":{},"b":{},"_coverageSchema":"1a1c01bbd47fc00a2c39e90264f33305004495a9","hash":"ad852fd38bcfe4331dd9bd773b63db673e65f68e"}
,"/Users/axda/Desktop/portfolio/axda-studio-portfolio/projects/galleria/galleria_new/assets/the-swing/artist.jpg": {"path":"/Users/axda/Desktop/portfolio/axda-studio-portfolio/projects/galleria/galleria_new/assets/the-swing/artist.jpg","statementMap":{"0":{"start":{"line":1,"column":0},"end":{"line":4,"column":6}}},"fnMap":{},"branchMap":{},"s":{"0":1},"f":{},"b":{},"_coverageSchema":"1a1c01bbd47fc00a2c39e90264f33305004495a9","hash":"15ba1ef0395d69c867bc9e47c1d1d0464fd3b21b"}
,"/Users/axda/Desktop/portfolio/axda-studio-portfolio/projects/galleria/galleria_new/assets/the-swing/gallery.jpg": {"path":"/Users/axda/Desktop/portfolio/axda-studio-portfolio/projects/galleria/galleria_new/assets/the-swing/gallery.jpg","statementMap":{"0":{"start":{"line":1,"column":0},"end":{"line":4,"column":6}}},"fnMap":{},"branchMap":{},"s":{"0":1},"f":{},"b":{},"_coverageSchema":"1a1c01bbd47fc00a2c39e90264f33305004495a9","hash":"755f77d83b442d7414b1e8fe5e9dee27a6862e8e"}
,"/Users/axda/Desktop/portfolio/axda-studio-portfolio/projects/galleria/galleria_new/assets/the-swing/hero-large.jpg": {"path":"/Users/axda/Desktop/portfolio/axda-studio-portfolio/projects/galleria/galleria_new/assets/the-swing/hero-large.jpg","statementMap":{"0":{"start":{"line":1,"column":0},"end":{"line":4,"column":6}}},"fnMap":{},"branchMap":{},"s":{"0":1},"f":{},"b":{},"_coverageSchema":"1a1c01bbd47fc00a2c39e90264f33305004495a9","hash":"6b675f5ff0847e57eca910ff841884638afa2356"}
,"/Users/axda/Desktop/portfolio/axda-studio-portfolio/projects/galleria/galleria_new/assets/the-swing/hero-small.jpg": {"path":"/Users/axda/Desktop/portfolio/axda-studio-portfolio/projects/galleria/galleria_new/assets/the-swing/hero-small.jpg","statementMap":{"0":{"start":{"line":1,"column":0},"end":{"line":4,"column":6}}},"fnMap":{},"branchMap":{},"s":{"0":1},"f":{},"b":{},"_coverageSchema":"1a1c01bbd47fc00a2c39e90264f33305004495a9","hash":"35a7ef2da5a22294273bd5f76de5229f61ff151a"}
,"/Users/axda/Desktop/portfolio/axda-studio-portfolio/projects/galleria/galleria_new/assets/the-swing/thumbnail.jpg": {"path":"/Users/axda/Desktop/portfolio/axda-studio-portfolio/projects/galleria/galleria_new/assets/the-swing/thumbnail.jpg","statementMap":{"0":{"start":{"line":1,"column":0},"end":{"line":4,"column":6}}},"fnMap":{},"branchMap":{},"s":{"0":1},"f":{},"b":{},"_coverageSchema":"1a1c01bbd47fc00a2c39e90264f33305004495a9","hash":"178a5df4b46cce0cf46258da32a15588344eeeb7"}
,"/Users/axda/Desktop/portfolio/axda-studio-portfolio/projects/galleria/galleria_new/assets/van-gogh-self-portrait/artist.jpg": {"path":"/Users/axda/Desktop/portfolio/axda-studio-portfolio/projects/galleria/galleria_new/assets/van-gogh-self-portrait/artist.jpg","statementMap":{"0":{"start":{"line":1,"column":0},"end":{"line":4,"column":6}}},"fnMap":{},"branchMap":{},"s":{"0":1},"f":{},"b":{},"_coverageSchema":"1a1c01bbd47fc00a2c39e90264f33305004495a9","hash":"cb2f2de7177625d4e3cdf7a8cf2c7d9cf13dcd7b"}
,"/Users/axda/Desktop/portfolio/axda-studio-portfolio/projects/galleria/galleria_new/assets/van-gogh-self-portrait/gallery.jpg": {"path":"/Users/axda/Desktop/portfolio/axda-studio-portfolio/projects/galleria/galleria_new/assets/van-gogh-self-portrait/gallery.jpg","statementMap":{"0":{"start":{"line":1,"column":0},"end":{"line":4,"column":6}}},"fnMap":{},"branchMap":{},"s":{"0":1},"f":{},"b":{},"_coverageSchema":"1a1c01bbd47fc00a2c39e90264f33305004495a9","hash":"39fc565975e43d43eae20f4e26d3fb5872781956"}
,"/Users/axda/Desktop/portfolio/axda-studio-portfolio/projects/galleria/galleria_new/assets/van-gogh-self-portrait/hero-large.jpg": {"path":"/Users/axda/Desktop/portfolio/axda-studio-portfolio/projects/galleria/galleria_new/assets/van-gogh-self-portrait/hero-large.jpg","statementMap":{"0":{"start":{"line":1,"column":0},"end":{"line":4,"column":6}}},"fnMap":{},"branchMap":{},"s":{"0":1},"f":{},"b":{},"_coverageSchema":"1a1c01bbd47fc00a2c39e90264f33305004495a9","hash":"35ef8277c782f751738d67ec982bcf7078b33e3b"}
,"/Users/axda/Desktop/portfolio/axda-studio-portfolio/projects/galleria/galleria_new/assets/van-gogh-self-portrait/hero-small.jpg": {"path":"/Users/axda/Desktop/portfolio/axda-studio-portfolio/projects/galleria/galleria_new/assets/van-gogh-self-portrait/hero-small.jpg","statementMap":{"0":{"start":{"line":1,"column":0},"end":{"line":4,"column":6}}},"fnMap":{},"branchMap":{},"s":{"0":1},"f":{},"b":{},"_coverageSchema":"1a1c01bbd47fc00a2c39e90264f33305004495a9","hash":"253319f21d06fff790d55035add5e0c6aa26552c"}
,"/Users/axda/Desktop/portfolio/axda-studio-portfolio/projects/galleria/galleria_new/assets/van-gogh-self-portrait/thumbnail.jpg": {"path":"/Users/axda/Desktop/portfolio/axda-studio-portfolio/projects/galleria/galleria_new/assets/van-gogh-self-portrait/thumbnail.jpg","statementMap":{"0":{"start":{"line":1,"column":0},"end":{"line":4,"column":6}}},"fnMap":{},"branchMap":{},"s":{"0":1},"f":{},"b":{},"_coverageSchema":"1a1c01bbd47fc00a2c39e90264f33305004495a9","hash":"53a942772eeadb5fdf1a9b241c29fb1b137f5638"}
,"/Users/axda/Desktop/portfolio/axda-studio-portfolio/projects/galleria/galleria_new/components/galleria-logo/galleria-logo.tsx": {"path":"/Users/axda/Desktop/portfolio/axda-studio-portfolio/projects/galleria/galleria_new/components/galleria-logo/galleria-logo.tsx","statementMap":{"0":{"start":{"line":17,"column":2},"end":{"line":36,"column":4}}},"fnMap":{"0":{"name":"GalleriaLogo","decl":{"start":{"line":12,"column":16},"end":{"line":12,"column":28}},"loc":{"start":{"line":16,"column":22},"end":{"line":37,"column":1}},"line":16}},"branchMap":{"0":{"loc":{"start":{"line":13,"column":2},"end":{"line":13,"column":13}},"type":"default-arg","locations":[{"start":{"line":13,"column":10},"end":{"line":13,"column":13}}],"line":13},"1":{"loc":{"start":{"line":14,"column":2},"end":{"line":14,"column":13}},"type":"default-arg","locations":[{"start":{"line":14,"column":11},"end":{"line":14,"column":13}}],"line":14},"2":{"loc":{"start":{"line":15,"column":2},"end":{"line":15,"column":17}},"type":"default-arg","locations":[{"start":{"line":15,"column":10},"end":{"line":15,"column":17}}],"line":15}},"s":{"0":3},"f":{"0":3},"b":{"0":[0],"1":[0],"2":[0]},"_coverageSchema":"1a1c01bbd47fc00a2c39e90264f33305004495a9","hash":"3290d8969001eb7b9555a7ac8536cd0df4f1239b"}
,"/Users/axda/Desktop/portfolio/axda-studio-portfolio/projects/galleria/galleria_new/components/galleria-logo/index.ts": {"path":"/Users/axda/Desktop/portfolio/axda-studio-portfolio/projects/galleria/galleria_new/components/galleria-logo/index.ts","statementMap":{},"fnMap":{},"branchMap":{},"s":{},"f":{},"b":{},"_coverageSchema":"1a1c01bbd47fc00a2c39e90264f33305004495a9","hash":"1f0f4c424007c902da2c7bf6457181900efda2ed"}
,"/Users/axda/Desktop/portfolio/axda-studio-portfolio/projects/galleria/galleria_new/components/header/header.tsx": {"path":"/Users/axda/Desktop/portfolio/axda-studio-portfolio/projects/galleria/galleria_new/components/header/header.tsx","statementMap":{"0":{"start":{"line":12,"column":16},"end":{"line":12,"column":32}},"1":{"start":{"line":13,"column":32},"end":{"line":13,"column":48}},"2":{"start":{"line":14,"column":36},"end":{"line":14,"column":53}},"3":{"start":{"line":15,"column":17},"end":{"line":15,"column":28}},"4":{"start":{"line":16,"column":19},"end":{"line":16,"column":32}},"5":{"start":{"line":18,"column":2},"end":{"line":20,"column":26}},"6":{"start":{"line":19,"column":4},"end":{"line":19,"column":56}},"7":{"start":{"line":22,"column":22},"end":{"line":28,"column":3}},"8":{"start":{"line":23,"column":4},"end":{"line":27,"column":5}},"9":{"start":{"line":24,"column":6},"end":{"line":24,"column":27}},"10":{"start":{"line":26,"column":6},"end":{"line":26,"column":48}},"11":{"start":{"line":30,"column":2},"end":{"line":47,"column":4}}},"fnMap":{"0":{"name":"Header","decl":{"start":{"line":11,"column":16},"end":{"line":11,"column":22}},"loc":{"start":{"line":11,"column":25},"end":{"line":48,"column":1}},"line":11},"1":{"name":"(anonymous_1)","decl":{"start":{"line":18,"column":12},"end":{"line":18,"column":13}},"loc":{"start":{"line":18,"column":18},"end":{"line":20,"column":3}},"line":18},"2":{"name":"(anonymous_2)","decl":{"start":{"line":22,"column":22},"end":{"line":22,"column":23}},"loc":{"start":{"line":22,"column":28},"end":{"line":28,"column":3}},"line":22}},"branchMap":{"0":{"loc":{"start":{"line":19,"column":17},"end":{"line":19,"column":54}},"type":"cond-expr","locations":[{"start":{"line":19,"column":37},"end":{"line":19,"column":44}},{"start":{"line":19,"column":47},"end":{"line":19,"column":54}}],"line":19},"1":{"loc":{"start":{"line":23,"column":4},"end":{"line":27,"column":5}},"type":"if","locations":[{"start":{"line":23,"column":4},"end":{"line":27,"column":5}},{"start":{"line":25,"column":11},"end":{"line":27,"column":5}}],"line":23},"2":{"loc":{"start":{"line":40,"column":13},"end":{"line":42,"column":56}},"type":"cond-expr","locations":[{"start":{"line":41,"column":16},"end":{"line":41,"column":55}},{"start":{"line":42,"column":16},"end":{"line":42,"column":56}}],"line":40}},"s":{"0":3,"1":3,"2":2,"3":2,"4":2,"5":2,"6":0,"7":2,"8":0,"9":0,"10":0,"11":2},"f":{"0":3,"1":0,"2":0},"b":{"0":[0,0],"1":[0,0],"2":[0,2]},"_coverageSchema":"1a1c01bbd47fc00a2c39e90264f33305004495a9","hash":"4e6638adb8ccc81bea351f10117f082583b61751"}
,"/Users/axda/Desktop/portfolio/axda-studio-portfolio/projects/galleria/galleria_new/components/painting-card/painting-card.tsx": {"path":"/Users/axda/Desktop/portfolio/axda-studio-portfolio/projects/galleria/galleria_new/components/painting-card/painting-card.tsx","statementMap":{"0":{"start":{"line":15,"column":19},"end":{"line":15,"column":54}},"1":{"start":{"line":16,"column":16},"end":{"line":16,"column":34}},"2":{"start":{"line":18,"column":2},"end":{"line":20,"column":3}},"3":{"start":{"line":19,"column":4},"end":{"line":19,"column":62}},"4":{"start":{"line":22,"column":27},"end":{"line":22,"column":55}},"5":{"start":{"line":24,"column":2},"end":{"line":49,"column":4}}},"fnMap":{"0":{"name":"PaintingCard","decl":{"start":{"line":14,"column":16},"end":{"line":14,"column":28}},"loc":{"start":{"line":14,"column":62},"end":{"line":50,"column":1}},"line":14}},"branchMap":{"0":{"loc":{"start":{"line":18,"column":2},"end":{"line":20,"column":3}},"type":"if","locations":[{"start":{"line":18,"column":2},"end":{"line":20,"column":3}},{"start":{},"end":{}}],"line":18}},"s":{"0":1,"1":1,"2":1,"3":1,"4":0,"5":0},"f":{"0":1},"b":{"0":[1,0]},"_coverageSchema":"1a1c01bbd47fc00a2c39e90264f33305004495a9","hash":"b8366aeaa6d536e832bf8055f81de4b15f3056e1"}
,"/Users/axda/Desktop/portfolio/axda-studio-portfolio/projects/galleria/galleria_new/components/ui/button.tsx": {"path":"/Users/axda/Desktop/portfolio/axda-studio-portfolio/projects/galleria/galleria_new/components/ui/button.tsx","statementMap":{"0":{"start":{"line":7,"column":23},"end":{"line":32,"column":1}},"1":{"start":{"line":34,"column":27},"end":{"line":58,"column":1}},"2":{"start":{"line":63,"column":15},"end":{"line":81,"column":1}},"3":{"start":{"line":65,"column":4},"end":{"line":79,"column":6}},"4":{"start":{"line":82,"column":0},"end":{"line":82,"column":30}}},"fnMap":{"0":{"name":"(anonymous_0)","decl":{"start":{"line":64,"column":2},"end":{"line":64,"column":3}},"loc":{"start":{"line":64,"column":51},"end":{"line":80,"column":3}},"line":64}},"branchMap":{"0":{"loc":{"start":{"line":71,"column":12},"end":{"line":71,"column":66}},"type":"binary-expr","locations":[{"start":{"line":71,"column":12},"end":{"line":71,"column":26}},{"start":{"line":71,"column":30},"end":{"line":71,"column":66}}],"line":71}},"s":{"0":1,"1":1,"2":1,"3":2,"4":1},"f":{"0":2},"b":{"0":[2,0]},"_coverageSchema":"1a1c01bbd47fc00a2c39e90264f33305004495a9","hash":"995e2fea883840b59d0cdcfb112658a04194b790"}
,"/Users/axda/Desktop/portfolio/axda-studio-portfolio/projects/galleria/galleria_new/components/ui/card.tsx": {"path":"/Users/axda/Desktop/portfolio/axda-studio-portfolio/projects/galleria/galleria_new/components/ui/card.tsx","statementMap":{"0":{"start":{"line":7,"column":13},"end":{"line":18,"column":1}},"1":{"start":{"line":9,"column":4},"end":{"line":16,"column":6}},"2":{"start":{"line":19,"column":0},"end":{"line":19,"column":26}},"3":{"start":{"line":21,"column":19},"end":{"line":29,"column":1}},"4":{"start":{"line":23,"column":4},"end":{"line":27,"column":6}},"5":{"start":{"line":30,"column":0},"end":{"line":30,"column":38}},"6":{"start":{"line":32,"column":18},"end":{"line":45,"column":1}},"7":{"start":{"line":34,"column":4},"end":{"line":43,"column":6}},"8":{"start":{"line":46,"column":0},"end":{"line":46,"column":36}},"9":{"start":{"line":48,"column":24},"end":{"line":56,"column":1}},"10":{"start":{"line":50,"column":4},"end":{"line":54,"column":6}},"11":{"start":{"line":57,"column":0},"end":{"line":57,"column":48}},"12":{"start":{"line":59,"column":20},"end":{"line":65,"column":1}},"13":{"start":{"line":61,"column":4},"end":{"line":63,"column":32}},"14":{"start":{"line":66,"column":0},"end":{"line":66,"column":40}},"15":{"start":{"line":68,"column":19},"end":{"line":76,"column":1}},"16":{"start":{"line":70,"column":4},"end":{"line":74,"column":6}},"17":{"start":{"line":77,"column":0},"end":{"line":77,"column":38}}},"fnMap":{"0":{"name":"(anonymous_0)","decl":{"start":{"line":8,"column":2},"end":{"line":8,"column":3}},"loc":{"start":{"line":9,"column":4},"end":{"line":16,"column":6}},"line":9},"1":{"name":"(anonymous_1)","decl":{"start":{"line":22,"column":2},"end":{"line":22,"column":3}},"loc":{"start":{"line":23,"column":4},"end":{"line":27,"column":6}},"line":23},"2":{"name":"(anonymous_2)","decl":{"start":{"line":33,"column":2},"end":{"line":33,"column":3}},"loc":{"start":{"line":34,"column":4},"end":{"line":43,"column":6}},"line":34},"3":{"name":"(anonymous_3)","decl":{"start":{"line":49,"column":2},"end":{"line":49,"column":3}},"loc":{"start":{"line":50,"column":4},"end":{"line":54,"column":6}},"line":50},"4":{"name":"(anonymous_4)","decl":{"start":{"line":60,"column":2},"end":{"line":60,"column":3}},"loc":{"start":{"line":61,"column":4},"end":{"line":63,"column":32}},"line":61},"5":{"name":"(anonymous_5)","decl":{"start":{"line":69,"column":2},"end":{"line":69,"column":3}},"loc":{"start":{"line":70,"column":4},"end":{"line":74,"column":6}},"line":70}},"branchMap":{},"s":{"0":1,"1":0,"2":1,"3":1,"4":0,"5":1,"6":1,"7":0,"8":1,"9":1,"10":0,"11":1,"12":1,"13":0,"14":1,"15":1,"16":0,"17":1},"f":{"0":0,"1":0,"2":0,"3":0,"4":0,"5":0},"b":{},"_coverageSchema":"1a1c01bbd47fc00a2c39e90264f33305004495a9","hash":"7b53ae3c64eadd196760ae248daccce8eb31f36d"}
,"/Users/axda/Desktop/portfolio/axda-studio-portfolio/projects/galleria/galleria_new/components/ui/skeleton.tsx": {"path":"/Users/axda/Desktop/portfolio/axda-studio-portfolio/projects/galleria/galleria_new/components/ui/skeleton.tsx","statementMap":{"0":{"start":{"line":11,"column":17},"end":{"line":11,"column":21}},"1":{"start":{"line":17,"column":13},"end":{"line":17,"column":30}},"2":{"start":{"line":19,"column":2},"end":{"line":24,"column":9}},"3":{"start":{"line":20,"column":4},"end":{"line":23,"column":6}},"4":{"start":{"line":26,"column":16},"end":{"line":28,"column":5}},"5":{"start":{"line":26,"column":40},"end":{"line":28,"column":3}},"6":{"start":{"line":30,"column":2},"end":{"line":36,"column":4}}},"fnMap":{"0":{"name":"Skeleton","decl":{"start":{"line":13,"column":9},"end":{"line":13,"column":17}},"loc":{"start":{"line":16,"column":72},"end":{"line":37,"column":1}},"line":16},"1":{"name":"(anonymous_1)","decl":{"start":{"line":19,"column":18},"end":{"line":19,"column":19}},"loc":{"start":{"line":19,"column":24},"end":{"line":24,"column":3}},"line":19},"2":{"name":"(anonymous_2)","decl":{"start":{"line":26,"column":33},"end":{"line":26,"column":34}},"loc":{"start":{"line":26,"column":40},"end":{"line":28,"column":3}},"line":26}},"branchMap":{},"s":{"0":1,"1":1,"2":1,"3":1,"4":1,"5":2,"6":1},"f":{"0":1,"1":1,"2":2},"b":{},"_coverageSchema":"1a1c01bbd47fc00a2c39e90264f33305004495a9","hash":"e2c50e5bc5b3bd68aa8c9152a2e003f13eb5b855"}
,"/Users/axda/Desktop/portfolio/axda-studio-portfolio/projects/galleria/galleria_new/components/ui/text.tsx": {"path":"/Users/axda/Desktop/portfolio/axda-studio-portfolio/projects/galleria/galleria_new/components/ui/text.tsx","statementMap":{"0":{"start":{"line":7,"column":25},"end":{"line":7,"column":75}},"1":{"start":{"line":9,"column":13},"end":{"line":21,"column":1}},"2":{"start":{"line":11,"column":22},"end":{"line":11,"column":56}},"3":{"start":{"line":12,"column":22},"end":{"line":12,"column":50}},"4":{"start":{"line":13,"column":4},"end":{"line":19,"column":6}},"5":{"start":{"line":22,"column":0},"end":{"line":22,"column":26}}},"fnMap":{"0":{"name":"(anonymous_0)","decl":{"start":{"line":10,"column":2},"end":{"line":10,"column":3}},"loc":{"start":{"line":10,"column":53},"end":{"line":20,"column":3}},"line":10}},"branchMap":{"0":{"loc":{"start":{"line":10,"column":16},"end":{"line":10,"column":31}},"type":"default-arg","locations":[{"start":{"line":10,"column":26},"end":{"line":10,"column":31}}],"line":10},"1":{"loc":{"start":{"line":12,"column":22},"end":{"line":12,"column":50}},"type":"cond-expr","locations":[{"start":{"line":12,"column":32},"end":{"line":12,"column":41}},{"start":{"line":12,"column":44},"end":{"line":12,"column":50}}],"line":12}},"s":{"0":2,"1":2,"2":0,"3":0,"4":0,"5":2},"f":{"0":0},"b":{"0":[0],"1":[0,0]},"_coverageSchema":"1a1c01bbd47fc00a2c39e90264f33305004495a9","hash":"e94c90794ede4c74bf008935b8cbd14cf6c65cb9"}
,"/Users/axda/Desktop/portfolio/axda-studio-portfolio/projects/galleria/galleria_new/constants/nav.ts": {"path":"/Users/axda/Desktop/portfolio/axda-studio-portfolio/projects/galleria/galleria_new/constants/nav.ts","statementMap":{"0":{"start":{"line":3,"column":19},"end":{"line":7,"column":10}},"1":{"start":{"line":6,"column":4},"end":{"line":6,"column":53}}},"fnMap":{"0":{"name":"(anonymous_0)","decl":{"start":{"line":5,"column":12},"end":{"line":5,"column":13}},"loc":{"start":{"line":6,"column":4},"end":{"line":6,"column":53}},"line":6}},"branchMap":{},"s":{"0":2,"1":0},"f":{"0":0},"b":{},"_coverageSchema":"1a1c01bbd47fc00a2c39e90264f33305004495a9","hash":"c1ef80663e21314bde4ee23b25a1dfe7b3b01e8c"}
,"/Users/axda/Desktop/portfolio/axda-studio-portfolio/projects/galleria/galleria_new/lib/generatePaintingSlug.ts": {"path":"/Users/axda/Desktop/portfolio/axda-studio-portfolio/projects/galleria/galleria_new/lib/generatePaintingSlug.ts","statementMap":{"0":{"start":{"line":1,"column":36},"end":{"line":7,"column":1}},"1":{"start":{"line":2,"column":2},"end":{"line":6,"column":37}}},"fnMap":{"0":{"name":"(anonymous_0)","decl":{"start":{"line":1,"column":36},"end":{"line":1,"column":37}},"loc":{"start":{"line":1,"column":62},"end":{"line":7,"column":1}},"line":1}},"branchMap":{},"s":{"0":3,"1":0},"f":{"0":0},"b":{},"_coverageSchema":"1a1c01bbd47fc00a2c39e90264f33305004495a9","hash":"bc1dce77ca053914dcdb33f8f1e2363410c6c58d"}
,"/Users/axda/Desktop/portfolio/axda-studio-portfolio/projects/galleria/galleria_new/lib/useColorScheme.ts": {"path":"/Users/axda/Desktop/portfolio/axda-studio-portfolio/projects/galleria/galleria_new/lib/useColorScheme.ts","statementMap":{"0":{"start":{"line":5,"column":4},"end":{"line":5,"column":30}},"1":{"start":{"line":6,"column":2},"end":{"line":11,"column":4}}},"fnMap":{"0":{"name":"useColorScheme","decl":{"start":{"line":3,"column":16},"end":{"line":3,"column":30}},"loc":{"start":{"line":3,"column":33},"end":{"line":12,"column":1}},"line":3}},"branchMap":{"0":{"loc":{"start":{"line":7,"column":17},"end":{"line":7,"column":38}},"type":"binary-expr","locations":[{"start":{"line":7,"column":17},"end":{"line":7,"column":28}},{"start":{"line":7,"column":32},"end":{"line":7,"column":38}}],"line":7}},"s":{"0":3,"1":2},"f":{"0":3},"b":{"0":[2,0]},"_coverageSchema":"1a1c01bbd47fc00a2c39e90264f33305004495a9","hash":"ce12e35b0d7399d2161090c156b6a9b1a1130374"}
,"/Users/axda/Desktop/portfolio/axda-studio-portfolio/projects/galleria/galleria_new/lib/utils.ts": {"path":"/Users/axda/Desktop/portfolio/axda-studio-portfolio/projects/galleria/galleria_new/lib/utils.ts","statementMap":{"0":{"start":{"line":5,"column":2},"end":{"line":5,"column":31}}},"fnMap":{"0":{"name":"cn","decl":{"start":{"line":4,"column":16},"end":{"line":4,"column":18}},"loc":{"start":{"line":4,"column":44},"end":{"line":6,"column":1}},"line":4}},"branchMap":{},"s":{"0":3},"f":{"0":3},"b":{},"_coverageSchema":"1a1c01bbd47fc00a2c39e90264f33305004495a9","hash":"6272bd8d22eb7b9c1a49c348ce795bedd17aba57"}
,"/Users/axda/Desktop/portfolio/axda-studio-portfolio/projects/galleria/galleria_new/lib/icons/mapAssetUrl.ts": {"path":"/Users/axda/Desktop/portfolio/axda-studio-portfolio/projects/galleria/galleria_new/lib/icons/mapAssetUrl.ts","statementMap":{"0":{"start":{"line":1,"column":27},"end":{"line":112,"column":1}},"1":{"start":{"line":2,"column":33},"end":{"line":107,"column":3}},"2":{"start":{"line":109,"column":2},"end":{"line":111,"column":4}}},"fnMap":{"0":{"name":"(anonymous_0)","decl":{"start":{"line":1,"column":27},"end":{"line":1,"column":28}},"loc":{"start":{"line":1,"column":44},"end":{"line":112,"column":1}},"line":1}},"branchMap":{"0":{"loc":{"start":{"line":110,"column":4},"end":{"line":110,"column":77}},"type":"binary-expr","locations":[{"start":{"line":110,"column":4},"end":{"line":110,"column":70}},{"start":{"line":110,"column":74},"end":{"line":110,"column":77}}],"line":110}},"s":{"0":1,"1":1,"2":1},"f":{"0":1},"b":{"0":[1,0]},"_coverageSchema":"1a1c01bbd47fc00a2c39e90264f33305004495a9","hash":"a793573c5f51608a04099771d91cbbf494489236"}
}
