{"/Users/axda/Desktop/portfolio/axda-studio-portfolio/projects/galleria/galleria_/components/galleria-logo/galleria-logo.tsx": {"path":"/Users/axda/Desktop/portfolio/axda-studio-portfolio/projects/galleria/galleria_/components/galleria-logo/galleria-logo.tsx","statementMap":{"0":{"start":{"line":17,"column":2},"end":{"line":36,"column":4}}},"fnMap":{"0":{"name":"GalleriaLogo","decl":{"start":{"line":12,"column":16},"end":{"line":12,"column":28}},"loc":{"start":{"line":16,"column":22},"end":{"line":37,"column":1}},"line":16}},"branchMap":{"0":{"loc":{"start":{"line":13,"column":2},"end":{"line":13,"column":13}},"type":"default-arg","locations":[{"start":{"line":13,"column":10},"end":{"line":13,"column":13}}],"line":13},"1":{"loc":{"start":{"line":14,"column":2},"end":{"line":14,"column":13}},"type":"default-arg","locations":[{"start":{"line":14,"column":11},"end":{"line":14,"column":13}}],"line":14},"2":{"loc":{"start":{"line":15,"column":2},"end":{"line":15,"column":17}},"type":"default-arg","locations":[{"start":{"line":15,"column":10},"end":{"line":15,"column":17}}],"line":15}},"s":{"0":2},"f":{"0":2},"b":{"0":[0],"1":[0],"2":[0]},"_coverageSchema":"1a1c01bbd47fc00a2c39e90264f33305004495a9","hash":"7064677170fac55ff60ac42d95f2ccaffa052b9a"}
,"/Users/axda/Desktop/portfolio/axda-studio-portfolio/projects/galleria/galleria_/components/galleria-logo/index.ts": {"path":"/Users/axda/Desktop/portfolio/axda-studio-portfolio/projects/galleria/galleria_/components/galleria-logo/index.ts","statementMap":{},"fnMap":{},"branchMap":{},"s":{},"f":{},"b":{},"_coverageSchema":"1a1c01bbd47fc00a2c39e90264f33305004495a9","hash":"1e5f7a2bddbceb0a6edd1162e7cac197f274fd20"}
,"/Users/axda/Desktop/portfolio/axda-studio-portfolio/projects/galleria/galleria_/components/header/header.tsx": {"path":"/Users/axda/Desktop/portfolio/axda-studio-portfolio/projects/galleria/galleria_/components/header/header.tsx","statementMap":{"0":{"start":{"line":10,"column":16},"end":{"line":10,"column":32}},"1":{"start":{"line":11,"column":32},"end":{"line":11,"column":48}},"2":{"start":{"line":12,"column":36},"end":{"line":12,"column":53}},"3":{"start":{"line":14,"column":2},"end":{"line":16,"column":26}},"4":{"start":{"line":15,"column":4},"end":{"line":15,"column":56}},"5":{"start":{"line":18,"column":2},"end":{"line":29,"column":4}}},"fnMap":{"0":{"name":"Header","decl":{"start":{"line":9,"column":16},"end":{"line":9,"column":22}},"loc":{"start":{"line":9,"column":25},"end":{"line":30,"column":1}},"line":9},"1":{"name":"(anonymous_1)","decl":{"start":{"line":14,"column":12},"end":{"line":14,"column":13}},"loc":{"start":{"line":14,"column":18},"end":{"line":16,"column":3}},"line":14}},"branchMap":{"0":{"loc":{"start":{"line":15,"column":17},"end":{"line":15,"column":54}},"type":"cond-expr","locations":[{"start":{"line":15,"column":37},"end":{"line":15,"column":44}},{"start":{"line":15,"column":47},"end":{"line":15,"column":54}}],"line":15}},"s":{"0":1,"1":1,"2":1,"3":1,"4":1,"5":1},"f":{"0":1,"1":1},"b":{"0":[0,1]},"_coverageSchema":"1a1c01bbd47fc00a2c39e90264f33305004495a9","hash":"b80ca7648e15cb75bd7baaf8457a53b960ae53fd"}
,"/Users/axda/Desktop/portfolio/axda-studio-portfolio/projects/galleria/galleria_/components/ui/button.tsx": {"path":"/Users/axda/Desktop/portfolio/axda-studio-portfolio/projects/galleria/galleria_/components/ui/button.tsx","statementMap":{"0":{"start":{"line":7,"column":23},"end":{"line":32,"column":1}},"1":{"start":{"line":34,"column":27},"end":{"line":58,"column":1}},"2":{"start":{"line":63,"column":15},"end":{"line":81,"column":1}},"3":{"start":{"line":65,"column":4},"end":{"line":79,"column":6}},"4":{"start":{"line":82,"column":0},"end":{"line":82,"column":30}}},"fnMap":{"0":{"name":"(anonymous_0)","decl":{"start":{"line":64,"column":2},"end":{"line":64,"column":3}},"loc":{"start":{"line":64,"column":51},"end":{"line":80,"column":3}},"line":64}},"branchMap":{"0":{"loc":{"start":{"line":71,"column":12},"end":{"line":71,"column":66}},"type":"binary-expr","locations":[{"start":{"line":71,"column":12},"end":{"line":71,"column":26}},{"start":{"line":71,"column":30},"end":{"line":71,"column":66}}],"line":71}},"s":{"0":1,"1":1,"2":1,"3":1,"4":1},"f":{"0":1},"b":{"0":[1,0]},"_coverageSchema":"1a1c01bbd47fc00a2c39e90264f33305004495a9","hash":"982668c90bc3ab305700c29e2c91145c039ac854"}
,"/Users/axda/Desktop/portfolio/axda-studio-portfolio/projects/galleria/galleria_/components/ui/text.tsx": {"path":"/Users/axda/Desktop/portfolio/axda-studio-portfolio/projects/galleria/galleria_/components/ui/text.tsx","statementMap":{"0":{"start":{"line":7,"column":25},"end":{"line":7,"column":75}},"1":{"start":{"line":9,"column":13},"end":{"line":21,"column":1}},"2":{"start":{"line":11,"column":22},"end":{"line":11,"column":56}},"3":{"start":{"line":12,"column":22},"end":{"line":12,"column":50}},"4":{"start":{"line":13,"column":4},"end":{"line":19,"column":6}},"5":{"start":{"line":22,"column":0},"end":{"line":22,"column":26}}},"fnMap":{"0":{"name":"(anonymous_0)","decl":{"start":{"line":10,"column":2},"end":{"line":10,"column":3}},"loc":{"start":{"line":10,"column":53},"end":{"line":20,"column":3}},"line":10}},"branchMap":{"0":{"loc":{"start":{"line":10,"column":16},"end":{"line":10,"column":31}},"type":"default-arg","locations":[{"start":{"line":10,"column":26},"end":{"line":10,"column":31}}],"line":10},"1":{"loc":{"start":{"line":12,"column":22},"end":{"line":12,"column":50}},"type":"cond-expr","locations":[{"start":{"line":12,"column":32},"end":{"line":12,"column":41}},{"start":{"line":12,"column":44},"end":{"line":12,"column":50}}],"line":12}},"s":{"0":1,"1":1,"2":0,"3":0,"4":0,"5":1},"f":{"0":0},"b":{"0":[0],"1":[0,0]},"_coverageSchema":"1a1c01bbd47fc00a2c39e90264f33305004495a9","hash":"cdcfa2b687d4169c517b5776ffe01744df9e5f35"}
,"/Users/axda/Desktop/portfolio/axda-studio-portfolio/projects/galleria/galleria_/constants/nav.ts": {"path":"/Users/axda/Desktop/portfolio/axda-studio-portfolio/projects/galleria/galleria_/constants/nav.ts","statementMap":{"0":{"start":{"line":1,"column":19},"end":{"line":3,"column":10}}},"fnMap":{},"branchMap":{},"s":{"0":2},"f":{},"b":{},"_coverageSchema":"1a1c01bbd47fc00a2c39e90264f33305004495a9","hash":"225a96300c74b06708de89d0da9c316681de2deb"}
,"/Users/axda/Desktop/portfolio/axda-studio-portfolio/projects/galleria/galleria_/lib/useColorScheme.ts": {"path":"/Users/axda/Desktop/portfolio/axda-studio-portfolio/projects/galleria/galleria_/lib/useColorScheme.ts","statementMap":{"0":{"start":{"line":5,"column":4},"end":{"line":5,"column":30}},"1":{"start":{"line":6,"column":2},"end":{"line":11,"column":4}}},"fnMap":{"0":{"name":"useColorScheme","decl":{"start":{"line":3,"column":16},"end":{"line":3,"column":30}},"loc":{"start":{"line":3,"column":33},"end":{"line":12,"column":1}},"line":3}},"branchMap":{"0":{"loc":{"start":{"line":7,"column":17},"end":{"line":7,"column":38}},"type":"binary-expr","locations":[{"start":{"line":7,"column":17},"end":{"line":7,"column":28}},{"start":{"line":7,"column":32},"end":{"line":7,"column":38}}],"line":7}},"s":{"0":1,"1":1},"f":{"0":1},"b":{"0":[1,0]},"_coverageSchema":"1a1c01bbd47fc00a2c39e90264f33305004495a9","hash":"41a039a28be2e30d5aa524d92f7555dab271d384"}
,"/Users/axda/Desktop/portfolio/axda-studio-portfolio/projects/galleria/galleria_/lib/utils.ts": {"path":"/Users/axda/Desktop/portfolio/axda-studio-portfolio/projects/galleria/galleria_/lib/utils.ts","statementMap":{"0":{"start":{"line":5,"column":2},"end":{"line":5,"column":31}}},"fnMap":{"0":{"name":"cn","decl":{"start":{"line":4,"column":16},"end":{"line":4,"column":18}},"loc":{"start":{"line":4,"column":44},"end":{"line":6,"column":1}},"line":4}},"branchMap":{},"s":{"0":1},"f":{"0":1},"b":{},"_coverageSchema":"1a1c01bbd47fc00a2c39e90264f33305004495a9","hash":"a09fe8ab05f4801cbb09f86a934aa25756610758"}
}
