TN:
SF:assets/arnolfini-portrait/artist.jpg
FNF:0
FNH:0
DA:1,1
LF:1
LH:1
BRF:0
BRH:0
end_of_record
TN:
SF:assets/arnolfini-portrait/gallery.jpg
FNF:0
FNH:0
DA:1,1
LF:1
LH:1
BRF:0
BRH:0
end_of_record
TN:
SF:assets/arnolfini-portrait/hero-large.jpg
FNF:0
FNH:0
DA:1,1
LF:1
LH:1
BRF:0
BRH:0
end_of_record
TN:
SF:assets/arnolfini-portrait/hero-small.jpg
FNF:0
FNH:0
DA:1,1
LF:1
LH:1
BRF:0
BRH:0
end_of_record
TN:
SF:assets/arnolfini-portrait/thumbnail.jpg
FNF:0
FNH:0
DA:1,1
LF:1
LH:1
BRF:0
BRH:0
end_of_record
TN:
SF:assets/girl-with-a-pearl-earring/artist.jpg
FNF:0
FNH:0
DA:1,1
LF:1
LH:1
BRF:0
BRH:0
end_of_record
TN:
SF:assets/girl-with-a-pearl-earring/gallery.jpg
FNF:0
FNH:0
DA:1,1
LF:1
LH:1
BRF:0
BRH:0
end_of_record
TN:
SF:assets/girl-with-a-pearl-earring/hero-large.jpg
FNF:0
FNH:0
DA:1,1
LF:1
LH:1
BRF:0
BRH:0
end_of_record
TN:
SF:assets/girl-with-a-pearl-earring/hero-small.jpg
FNF:0
FNH:0
DA:1,1
LF:1
LH:1
BRF:0
BRH:0
end_of_record
TN:
SF:assets/girl-with-a-pearl-earring/thumbnail.jpg
FNF:0
FNH:0
DA:1,1
LF:1
LH:1
BRF:0
BRH:0
end_of_record
TN:
SF:assets/guernica/artist.jpg
FNF:0
FNH:0
DA:1,1
LF:1
LH:1
BRF:0
BRH:0
end_of_record
TN:
SF:assets/guernica/gallery.jpg
FNF:0
FNH:0
DA:1,1
LF:1
LH:1
BRF:0
BRH:0
end_of_record
TN:
SF:assets/guernica/hero-large.jpg
FNF:0
FNH:0
DA:1,1
LF:1
LH:1
BRF:0
BRH:0
end_of_record
TN:
SF:assets/guernica/hero-small.jpg
FNF:0
FNH:0
DA:1,1
LF:1
LH:1
BRF:0
BRH:0
end_of_record
TN:
SF:assets/guernica/thumbnail.jpg
FNF:0
FNH:0
DA:1,1
LF:1
LH:1
BRF:0
BRH:0
end_of_record
TN:
SF:assets/lady-with-an-ermine/artist.jpg
FNF:0
FNH:0
DA:1,1
LF:1
LH:1
BRF:0
BRH:0
end_of_record
TN:
SF:assets/lady-with-an-ermine/gallery.jpg
FNF:0
FNH:0
DA:1,1
LF:1
LH:1
BRF:0
BRH:0
end_of_record
TN:
SF:assets/lady-with-an-ermine/hero-large.jpg
FNF:0
FNH:0
DA:1,1
LF:1
LH:1
BRF:0
BRH:0
end_of_record
TN:
SF:assets/lady-with-an-ermine/hero-small.jpg
FNF:0
FNH:0
DA:1,1
LF:1
LH:1
BRF:0
BRH:0
end_of_record
TN:
SF:assets/lady-with-an-ermine/thumbnail.jpg
FNF:0
FNH:0
DA:1,1
LF:1
LH:1
BRF:0
BRH:0
end_of_record
TN:
SF:assets/mona-lisa/artist.jpg
FNF:0
FNH:0
DA:1,1
LF:1
LH:1
BRF:0
BRH:0
end_of_record
TN:
SF:assets/mona-lisa/gallery.jpg
FNF:0
FNH:0
DA:1,1
LF:1
LH:1
BRF:0
BRH:0
end_of_record
TN:
SF:assets/mona-lisa/hero-large.jpg
FNF:0
FNH:0
DA:1,1
LF:1
LH:1
BRF:0
BRH:0
end_of_record
TN:
SF:assets/mona-lisa/hero-small.jpg
FNF:0
FNH:0
DA:1,1
LF:1
LH:1
BRF:0
BRH:0
end_of_record
TN:
SF:assets/mona-lisa/thumbnail.jpg
FNF:0
FNH:0
DA:1,1
LF:1
LH:1
BRF:0
BRH:0
end_of_record
TN:
SF:assets/penitent-magdalene/artist.jpg
FNF:0
FNH:0
DA:1,1
LF:1
LH:1
BRF:0
BRH:0
end_of_record
TN:
SF:assets/penitent-magdalene/gallery.jpg
FNF:0
FNH:0
DA:1,1
LF:1
LH:1
BRF:0
BRH:0
end_of_record
TN:
SF:assets/penitent-magdalene/hero-large.jpg
FNF:0
FNH:0
DA:1,1
LF:1
LH:1
BRF:0
BRH:0
end_of_record
TN:
SF:assets/penitent-magdalene/hero-small.jpg
FNF:0
FNH:0
DA:1,1
LF:1
LH:1
BRF:0
BRH:0
end_of_record
TN:
SF:assets/penitent-magdalene/thumbnail.jpg
FNF:0
FNH:0
DA:1,1
LF:1
LH:1
BRF:0
BRH:0
end_of_record
TN:
SF:assets/starry-night/artist.jpg
FNF:0
FNH:0
DA:1,1
LF:1
LH:1
BRF:0
BRH:0
end_of_record
TN:
SF:assets/starry-night/gallery.jpg
FNF:0
FNH:0
DA:1,1
LF:1
LH:1
BRF:0
BRH:0
end_of_record
TN:
SF:assets/starry-night/hero-large.jpg
FNF:0
FNH:0
DA:1,1
LF:1
LH:1
BRF:0
BRH:0
end_of_record
TN:
SF:assets/starry-night/hero-small.jpg
FNF:0
FNH:0
DA:1,1
LF:1
LH:1
BRF:0
BRH:0
end_of_record
TN:
SF:assets/starry-night/thumbnail.jpg
FNF:0
FNH:0
DA:1,1
LF:1
LH:1
BRF:0
BRH:0
end_of_record
TN:
SF:assets/the-basket-of-apples/artist.jpg
FNF:0
FNH:0
DA:1,1
LF:1
LH:1
BRF:0
BRH:0
end_of_record
TN:
SF:assets/the-basket-of-apples/gallery.jpg
FNF:0
FNH:0
DA:1,1
LF:1
LH:1
BRF:0
BRH:0
end_of_record
TN:
SF:assets/the-basket-of-apples/hero-large.jpg
FNF:0
FNH:0
DA:1,1
LF:1
LH:1
BRF:0
BRH:0
end_of_record
TN:
SF:assets/the-basket-of-apples/hero-small.jpg
FNF:0
FNH:0
DA:1,1
LF:1
LH:1
BRF:0
BRH:0
end_of_record
TN:
SF:assets/the-basket-of-apples/thumbnail.jpg
FNF:0
FNH:0
DA:1,1
LF:1
LH:1
BRF:0
BRH:0
end_of_record
TN:
SF:assets/the-boy-in-the-red-vest/artist.jpg
FNF:0
FNH:0
DA:1,1
LF:1
LH:1
BRF:0
BRH:0
end_of_record
TN:
SF:assets/the-boy-in-the-red-vest/gallery.jpg
FNF:0
FNH:0
DA:1,1
LF:1
LH:1
BRF:0
BRH:0
end_of_record
TN:
SF:assets/the-boy-in-the-red-vest/hero-large.jpg
FNF:0
FNH:0
DA:1,1
LF:1
LH:1
BRF:0
BRH:0
end_of_record
TN:
SF:assets/the-boy-in-the-red-vest/hero-small.jpg
FNF:0
FNH:0
DA:1,1
LF:1
LH:1
BRF:0
BRH:0
end_of_record
TN:
SF:assets/the-boy-in-the-red-vest/thumbnail.jpg
FNF:0
FNH:0
DA:1,1
LF:1
LH:1
BRF:0
BRH:0
end_of_record
TN:
SF:assets/the-great-wave-off-kanagawa/artist.jpg
FNF:0
FNH:0
DA:1,1
LF:1
LH:1
BRF:0
BRH:0
end_of_record
TN:
SF:assets/the-great-wave-off-kanagawa/gallery.jpg
FNF:0
FNH:0
DA:1,1
LF:1
LH:1
BRF:0
BRH:0
end_of_record
TN:
SF:assets/the-great-wave-off-kanagawa/hero-large.jpg
FNF:0
FNH:0
DA:1,1
LF:1
LH:1
BRF:0
BRH:0
end_of_record
TN:
SF:assets/the-great-wave-off-kanagawa/hero-small.jpg
FNF:0
FNH:0
DA:1,1
LF:1
LH:1
BRF:0
BRH:0
end_of_record
TN:
SF:assets/the-great-wave-off-kanagawa/thumbnail.jpg
FNF:0
FNH:0
DA:1,1
LF:1
LH:1
BRF:0
BRH:0
end_of_record
TN:
SF:assets/the-night-cafe/artist.jpg
FNF:0
FNH:0
DA:1,1
LF:1
LH:1
BRF:0
BRH:0
end_of_record
TN:
SF:assets/the-night-cafe/gallery.jpg
FNF:0
FNH:0
DA:1,1
LF:1
LH:1
BRF:0
BRH:0
end_of_record
TN:
SF:assets/the-night-cafe/hero-large.jpg
FNF:0
FNH:0
DA:1,1
LF:1
LH:1
BRF:0
BRH:0
end_of_record
TN:
SF:assets/the-night-cafe/hero-small.jpg
FNF:0
FNH:0
DA:1,1
LF:1
LH:1
BRF:0
BRH:0
end_of_record
TN:
SF:assets/the-night-cafe/thumbnail.jpg
FNF:0
FNH:0
DA:1,1
LF:1
LH:1
BRF:0
BRH:0
end_of_record
TN:
SF:assets/the-sleeping-gypsy/artist.jpg
FNF:0
FNH:0
DA:1,1
LF:1
LH:1
BRF:0
BRH:0
end_of_record
TN:
SF:assets/the-sleeping-gypsy/gallery.jpg
FNF:0
FNH:0
DA:1,1
LF:1
LH:1
BRF:0
BRH:0
end_of_record
TN:
SF:assets/the-sleeping-gypsy/hero-large.jpg
FNF:0
FNH:0
DA:1,1
LF:1
LH:1
BRF:0
BRH:0
end_of_record
TN:
SF:assets/the-sleeping-gypsy/hero-small.jpg
FNF:0
FNH:0
DA:1,1
LF:1
LH:1
BRF:0
BRH:0
end_of_record
TN:
SF:assets/the-sleeping-gypsy/thumbnail.jpg
FNF:0
FNH:0
DA:1,1
LF:1
LH:1
BRF:0
BRH:0
end_of_record
TN:
SF:assets/the-storm-on-the-sea-of-galilee/artist.jpg
FNF:0
FNH:0
DA:1,1
LF:1
LH:1
BRF:0
BRH:0
end_of_record
TN:
SF:assets/the-storm-on-the-sea-of-galilee/gallery.jpg
FNF:0
FNH:0
DA:1,1
LF:1
LH:1
BRF:0
BRH:0
end_of_record
TN:
SF:assets/the-storm-on-the-sea-of-galilee/hero-large.jpg
FNF:0
FNH:0
DA:1,1
LF:1
LH:1
BRF:0
BRH:0
end_of_record
TN:
SF:assets/the-storm-on-the-sea-of-galilee/hero-small.jpg
FNF:0
FNH:0
DA:1,1
LF:1
LH:1
BRF:0
BRH:0
end_of_record
TN:
SF:assets/the-storm-on-the-sea-of-galilee/thumbnail.jpg
FNF:0
FNH:0
DA:1,1
LF:1
LH:1
BRF:0
BRH:0
end_of_record
TN:
SF:assets/the-swing/artist.jpg
FNF:0
FNH:0
DA:1,1
LF:1
LH:1
BRF:0
BRH:0
end_of_record
TN:
SF:assets/the-swing/gallery.jpg
FNF:0
FNH:0
DA:1,1
LF:1
LH:1
BRF:0
BRH:0
end_of_record
TN:
SF:assets/the-swing/hero-large.jpg
FNF:0
FNH:0
DA:1,1
LF:1
LH:1
BRF:0
BRH:0
end_of_record
TN:
SF:assets/the-swing/hero-small.jpg
FNF:0
FNH:0
DA:1,1
LF:1
LH:1
BRF:0
BRH:0
end_of_record
TN:
SF:assets/the-swing/thumbnail.jpg
FNF:0
FNH:0
DA:1,1
LF:1
LH:1
BRF:0
BRH:0
end_of_record
TN:
SF:assets/van-gogh-self-portrait/artist.jpg
FNF:0
FNH:0
DA:1,1
LF:1
LH:1
BRF:0
BRH:0
end_of_record
TN:
SF:assets/van-gogh-self-portrait/gallery.jpg
FNF:0
FNH:0
DA:1,1
LF:1
LH:1
BRF:0
BRH:0
end_of_record
TN:
SF:assets/van-gogh-self-portrait/hero-large.jpg
FNF:0
FNH:0
DA:1,1
LF:1
LH:1
BRF:0
BRH:0
end_of_record
TN:
SF:assets/van-gogh-self-portrait/hero-small.jpg
FNF:0
FNH:0
DA:1,1
LF:1
LH:1
BRF:0
BRH:0
end_of_record
TN:
SF:assets/van-gogh-self-portrait/thumbnail.jpg
FNF:0
FNH:0
DA:1,1
LF:1
LH:1
BRF:0
BRH:0
end_of_record
TN:
SF:components/galleria-logo/galleria-logo.tsx
FN:12,GalleriaLogo
FNF:1
FNH:1
FNDA:3,GalleriaLogo
DA:17,3
LF:1
LH:1
BRDA:13,0,0,0
BRDA:14,1,0,0
BRDA:15,2,0,0
BRF:3
BRH:0
end_of_record
TN:
SF:components/galleria-logo/index.ts
FNF:0
FNH:0
LF:0
LH:0
BRF:0
BRH:0
end_of_record
TN:
SF:components/header/header.tsx
FN:11,Header
FN:18,(anonymous_1)
FN:22,(anonymous_2)
FNF:3
FNH:1
FNDA:3,Header
FNDA:0,(anonymous_1)
FNDA:0,(anonymous_2)
DA:12,3
DA:13,3
DA:14,2
DA:15,2
DA:16,2
DA:18,2
DA:19,0
DA:22,2
DA:23,0
DA:24,0
DA:26,0
DA:30,2
LF:12
LH:8
BRDA:19,0,0,0
BRDA:19,0,1,0
BRDA:23,1,0,0
BRDA:23,1,1,0
BRDA:40,2,0,0
BRDA:40,2,1,2
BRF:6
BRH:1
end_of_record
TN:
SF:components/painting-card/painting-card.tsx
FN:14,PaintingCard
FNF:1
FNH:1
FNDA:1,PaintingCard
DA:15,1
DA:16,1
DA:18,1
DA:19,1
DA:22,0
DA:24,0
LF:6
LH:4
BRDA:18,0,0,1
BRDA:18,0,1,0
BRF:2
BRH:1
end_of_record
TN:
SF:components/ui/button.tsx
FN:64,(anonymous_0)
FNF:1
FNH:1
FNDA:2,(anonymous_0)
DA:7,1
DA:34,1
DA:63,1
DA:65,2
DA:82,1
LF:5
LH:5
BRDA:71,0,0,2
BRDA:71,0,1,0
BRF:2
BRH:1
end_of_record
TN:
SF:components/ui/card.tsx
FN:8,(anonymous_0)
FN:22,(anonymous_1)
FN:33,(anonymous_2)
FN:49,(anonymous_3)
FN:60,(anonymous_4)
FN:69,(anonymous_5)
FNF:6
FNH:0
FNDA:0,(anonymous_0)
FNDA:0,(anonymous_1)
FNDA:0,(anonymous_2)
FNDA:0,(anonymous_3)
FNDA:0,(anonymous_4)
FNDA:0,(anonymous_5)
DA:7,1
DA:9,0
DA:19,1
DA:21,1
DA:23,0
DA:30,1
DA:32,1
DA:34,0
DA:46,1
DA:48,1
DA:50,0
DA:57,1
DA:59,1
DA:61,0
DA:66,1
DA:68,1
DA:70,0
DA:77,1
LF:18
LH:12
BRF:0
BRH:0
end_of_record
TN:
SF:components/ui/skeleton.tsx
FN:13,Skeleton
FN:19,(anonymous_1)
FN:26,(anonymous_2)
FNF:3
FNH:3
FNDA:1,Skeleton
FNDA:1,(anonymous_1)
FNDA:2,(anonymous_2)
DA:11,1
DA:17,1
DA:19,1
DA:20,1
DA:26,2
DA:30,1
LF:6
LH:6
BRF:0
BRH:0
end_of_record
TN:
SF:components/ui/text.tsx
FN:10,(anonymous_0)
FNF:1
FNH:0
FNDA:0,(anonymous_0)
DA:7,2
DA:9,2
DA:11,0
DA:12,0
DA:13,0
DA:22,2
LF:6
LH:3
BRDA:10,0,0,0
BRDA:12,1,0,0
BRDA:12,1,1,0
BRF:3
BRH:0
end_of_record
TN:
SF:constants/nav.ts
FN:5,(anonymous_0)
FNF:1
FNH:0
FNDA:0,(anonymous_0)
DA:3,2
DA:6,0
LF:2
LH:1
BRF:0
BRH:0
end_of_record
TN:
SF:lib/generatePaintingSlug.ts
FN:1,(anonymous_0)
FNF:1
FNH:0
FNDA:0,(anonymous_0)
DA:1,3
DA:2,0
LF:2
LH:1
BRF:0
BRH:0
end_of_record
TN:
SF:lib/useColorScheme.ts
FN:3,useColorScheme
FNF:1
FNH:1
FNDA:3,useColorScheme
DA:5,3
DA:6,2
LF:2
LH:2
BRDA:7,0,0,2
BRDA:7,0,1,0
BRF:2
BRH:1
end_of_record
TN:
SF:lib/utils.ts
FN:4,cn
FNF:1
FNH:1
FNDA:3,cn
DA:5,3
LF:1
LH:1
BRF:0
BRH:0
end_of_record
TN:
SF:lib/icons/mapAssetUrl.ts
FN:1,(anonymous_0)
FNF:1
FNH:1
FNDA:1,(anonymous_0)
DA:1,1
DA:2,1
DA:109,1
LF:3
LH:3
BRDA:110,0,0,1
BRDA:110,0,1,0
BRF:2
BRH:1
end_of_record
