TN:
SF:components/galleria-logo/galleria-logo.tsx
FN:11,GalleriaLogo
FNF:1
FNH:1
FNDA:2,GalleriaLogo
DA:16,2
LF:1
LH:1
BRDA:12,0,0,0
BRDA:13,1,0,0
BRDA:14,2,0,0
BRF:3
BRH:0
end_of_record
TN:
SF:components/galleria-logo/index.ts
FNF:0
FNH:0
LF:0
LH:0
BRF:0
BRH:0
end_of_record
TN:
SF:components/header/header.tsx
FN:9,Header
FN:14,(anonymous_1)
FNF:2
FNH:2
FNDA:1,Header
FNDA:1,(anonymous_1)
DA:10,1
DA:11,1
DA:12,1
DA:14,1
DA:15,1
DA:18,1
LF:6
LH:6
BRDA:15,0,0,0
BRDA:15,0,1,1
BRF:2
BRH:1
end_of_record
TN:
SF:components/ui/button.tsx
FN:64,(anonymous_0)
FNF:1
FNH:1
FNDA:1,(anonymous_0)
DA:7,1
DA:34,1
DA:63,1
DA:65,1
DA:82,1
LF:5
LH:5
BRDA:71,0,0,1
BRDA:71,0,1,0
BRF:2
BRH:1
end_of_record
TN:
SF:components/ui/text.tsx
FN:10,(anonymous_0)
FNF:1
FNH:0
FNDA:0,(anonymous_0)
DA:7,1
DA:9,1
DA:11,0
DA:12,0
DA:13,0
DA:22,1
LF:6
LH:3
BRDA:10,0,0,0
BRDA:12,1,0,0
BRDA:12,1,1,0
BRF:3
BRH:0
end_of_record
TN:
SF:constants/nav.ts
FNF:0
FNH:0
DA:1,2
LF:1
LH:1
BRF:0
BRH:0
end_of_record
TN:
SF:lib/useColorScheme.ts
FN:3,useColorScheme
FNF:1
FNH:1
FNDA:1,useColorScheme
DA:5,1
DA:6,1
LF:2
LH:2
BRDA:7,0,0,1
BRDA:7,0,1,0
BRF:2
BRH:1
end_of_record
TN:
SF:lib/utils.ts
FN:4,cn
FNF:1
FNH:1
FNDA:1,cn
DA:5,1
LF:1
LH:1
BRF:0
BRH:0
end_of_record
